{"D:\\Grip Invest\\mini-investment-platform\\frontend\\src\\App.jsx": {"path":"D:\\Grip Invest\\mini-investment-platform\\frontend\\src\\App.jsx","statementMap":{"0":{"start":{"line":17,"column":2},"end":{"line":87,"column":4}}},"fnMap":{"0":{"name":"App","decl":{"start":{"line":16,"column":24},"end":{"line":16,"column":27}},"loc":{"start":{"line":16,"column":30},"end":{"line":88,"column":1}},"line":16}},"branchMap":{},"s":{"0":0},"f":{"0":0},"b":{}}
,"D:\\Grip Invest\\mini-investment-platform\\frontend\\src\\main.jsx": {"path":"D:\\Grip Invest\\mini-investment-platform\\frontend\\src\\main.jsx","statementMap":{"0":{"start":{"line":8,"column":0},"end":{"line":14,"column":2}}},"fnMap":{},"branchMap":{},"s":{"0":0},"f":{},"b":{}}
,"D:\\Grip Invest\\mini-investment-platform\\frontend\\src\\api\\api.js": {"path":"D:\\Grip Invest\\mini-investment-platform\\frontend\\src\\api\\api.js","statementMap":{},"fnMap":{},"branchMap":{},"s":{},"f":{},"b":{},"_coverageSchema":"1a1c01bbd47fc00a2c39e90264f33305004495a9","hash":"e68a1c11514ad67ebdcf40d9be45a10a197b39de"}
,"D:\\Grip Invest\\mini-investment-platform\\frontend\\src\\api\\auth.js": {"path":"D:\\Grip Invest\\mini-investment-platform\\frontend\\src\\api\\auth.js","statementMap":{"0":{"start":{"line":6,"column":19},"end":{"line":6,"column":61}},"1":{"start":{"line":7,"column":2},"end":{"line":7,"column":14}},"2":{"start":{"line":12,"column":19},"end":{"line":12,"column":60}},"3":{"start":{"line":13,"column":2},"end":{"line":13,"column":44}},"4":{"start":{"line":14,"column":2},"end":{"line":14,"column":14}},"5":{"start":{"line":18,"column":19},"end":{"line":18,"column":47}},"6":{"start":{"line":19,"column":2},"end":{"line":19,"column":14}}},"fnMap":{"0":{"name":"apiSignup","decl":{"start":{"line":4,"column":22},"end":{"line":4,"column":31}},"loc":{"start":{"line":4,"column":41},"end":{"line":8,"column":1}},"line":4},"1":{"name":"apiLogin","decl":{"start":{"line":10,"column":22},"end":{"line":10,"column":30}},"loc":{"start":{"line":10,"column":40},"end":{"line":15,"column":1}},"line":10},"2":{"name":"apiMe","decl":{"start":{"line":17,"column":22},"end":{"line":17,"column":27}},"loc":{"start":{"line":17,"column":30},"end":{"line":20,"column":1}},"line":17}},"branchMap":{},"s":{"0":0,"1":0,"2":0,"3":0,"4":0,"5":0,"6":0},"f":{"0":0,"1":0,"2":0},"b":{},"_coverageSchema":"1a1c01bbd47fc00a2c39e90264f33305004495a9","hash":"6dd11f2b447f6d8d3b9116faa44ac7b8c9c33ce6"}
,"D:\\Grip Invest\\mini-investment-platform\\frontend\\src\\api\\authReset.js": {"path":"D:\\Grip Invest\\mini-investment-platform\\frontend\\src\\api\\authReset.js","statementMap":{"0":{"start":{"line":5,"column":2},"end":{"line":5,"column":70}},"1":{"start":{"line":10,"column":2},"end":{"line":16,"column":3}},"2":{"start":{"line":11,"column":21},"end":{"line":11,"column":71}},"3":{"start":{"line":12,"column":4},"end":{"line":12,"column":16}},"4":{"start":{"line":14,"column":4},"end":{"line":14,"column":73}},"5":{"start":{"line":15,"column":4},"end":{"line":15,"column":14}}},"fnMap":{"0":{"name":"apiRequestPasswordReset","decl":{"start":{"line":4,"column":22},"end":{"line":4,"column":45}},"loc":{"start":{"line":4,"column":63},"end":{"line":6,"column":1}},"line":4},"1":{"name":"apiResetPassword","decl":{"start":{"line":9,"column":22},"end":{"line":9,"column":38}},"loc":{"start":{"line":9,"column":48},"end":{"line":17,"column":1}},"line":9}},"branchMap":{"0":{"loc":{"start":{"line":14,"column":38},"end":{"line":14,"column":71}},"type":"binary-expr","locations":[{"start":{"line":14,"column":38},"end":{"line":14,"column":56}},{"start":{"line":14,"column":60},"end":{"line":14,"column":71}}],"line":14}},"s":{"0":0,"1":0,"2":0,"3":0,"4":0,"5":0},"f":{"0":0,"1":0},"b":{"0":[0,0]},"_coverageSchema":"1a1c01bbd47fc00a2c39e90264f33305004495a9","hash":"3d2b0b3376bde2ac94fd5a8a3ea74fd6193bb252"}
,"D:\\Grip Invest\\mini-investment-platform\\frontend\\src\\api\\client.js": {"path":"D:\\Grip Invest\\mini-investment-platform\\frontend\\src\\api\\client.js","statementMap":{"0":{"start":{"line":3,"column":15},"end":{"line":7,"column":2}},"1":{"start":{"line":9,"column":0},"end":{"line":23,"column":3}},"2":{"start":{"line":10,"column":16},"end":{"line":10,"column":45}},"3":{"start":{"line":13,"column":2},"end":{"line":15,"column":3}},"4":{"start":{"line":14,"column":4},"end":{"line":14,"column":53}},"5":{"start":{"line":18,"column":2},"end":{"line":20,"column":3}},"6":{"start":{"line":19,"column":4},"end":{"line":19,"column":74}},"7":{"start":{"line":22,"column":2},"end":{"line":22,"column":16}}},"fnMap":{"0":{"name":"(anonymous_0)","decl":{"start":{"line":9,"column":32},"end":{"line":9,"column":33}},"loc":{"start":{"line":9,"column":44},"end":{"line":23,"column":1}},"line":9}},"branchMap":{"0":{"loc":{"start":{"line":4,"column":11},"end":{"line":5,"column":85}},"type":"binary-expr","locations":[{"start":{"line":4,"column":12},"end":{"line":5,"column":57}},{"start":{"line":5,"column":62},"end":{"line":5,"column":85}}],"line":4},"1":{"loc":{"start":{"line":4,"column":12},"end":{"line":5,"column":57}},"type":"cond-expr","locations":[{"start":{"line":4,"column":48},"end":{"line":4,"column":80}},{"start":{"line":5,"column":12},"end":{"line":5,"column":57}}],"line":4},"2":{"loc":{"start":{"line":13,"column":2},"end":{"line":15,"column":3}},"type":"if","locations":[{"start":{"line":13,"column":2},"end":{"line":15,"column":3}},{"start":{},"end":{}}],"line":13},"3":{"loc":{"start":{"line":18,"column":2},"end":{"line":20,"column":3}},"type":"if","locations":[{"start":{"line":18,"column":2},"end":{"line":20,"column":3}},{"start":{},"end":{}}],"line":18}},"s":{"0":4,"1":4,"2":0,"3":0,"4":0,"5":0,"6":0,"7":0},"f":{"0":0},"b":{"0":[4,0],"1":[4,0],"2":[0,0],"3":[0,0]},"_coverageSchema":"1a1c01bbd47fc00a2c39e90264f33305004495a9","hash":"d39b8bbfb5505c73d0068a4fd0a324f06bbcbef4"}
,"D:\\Grip Invest\\mini-investment-platform\\frontend\\src\\api\\investments.js": {"path":"D:\\Grip Invest\\mini-investment-platform\\frontend\\src\\api\\investments.js","statementMap":{"0":{"start":{"line":6,"column":2},"end":{"line":12,"column":3}},"1":{"start":{"line":7,"column":21},"end":{"line":7,"column":53}},"2":{"start":{"line":8,"column":4},"end":{"line":8,"column":43}},"3":{"start":{"line":10,"column":4},"end":{"line":10,"column":55}},"4":{"start":{"line":11,"column":4},"end":{"line":11,"column":14}},"5":{"start":{"line":18,"column":19},"end":{"line":18,"column":61}},"6":{"start":{"line":19,"column":2},"end":{"line":19,"column":14}},"7":{"start":{"line":24,"column":2},"end":{"line":32,"column":3}},"8":{"start":{"line":25,"column":21},"end":{"line":27,"column":6}},"9":{"start":{"line":28,"column":4},"end":{"line":28,"column":43}},"10":{"start":{"line":30,"column":4},"end":{"line":30,"column":53}},"11":{"start":{"line":31,"column":4},"end":{"line":31,"column":14}},"12":{"start":{"line":38,"column":2},"end":{"line":44,"column":3}},"13":{"start":{"line":39,"column":21},"end":{"line":39,"column":60}},"14":{"start":{"line":40,"column":4},"end":{"line":40,"column":16}},"15":{"start":{"line":42,"column":4},"end":{"line":42,"column":62}},"16":{"start":{"line":43,"column":4},"end":{"line":43,"column":96}},"17":{"start":{"line":49,"column":19},"end":{"line":49,"column":60}},"18":{"start":{"line":50,"column":2},"end":{"line":50,"column":14}}},"fnMap":{"0":{"name":"apiGetInvestments","decl":{"start":{"line":5,"column":22},"end":{"line":5,"column":39}},"loc":{"start":{"line":5,"column":42},"end":{"line":13,"column":1}},"line":5},"1":{"name":"apiInvest","decl":{"start":{"line":17,"column":22},"end":{"line":17,"column":31}},"loc":{"start":{"line":17,"column":41},"end":{"line":20,"column":1}},"line":17},"2":{"name":"apiGetPortfolio","decl":{"start":{"line":23,"column":22},"end":{"line":23,"column":37}},"loc":{"start":{"line":23,"column":40},"end":{"line":33,"column":1}},"line":23},"3":{"name":"apiGetPortfolioInsights","decl":{"start":{"line":37,"column":22},"end":{"line":37,"column":45}},"loc":{"start":{"line":37,"column":48},"end":{"line":45,"column":1}},"line":37},"4":{"name":"apiGetPlatformStats","decl":{"start":{"line":48,"column":22},"end":{"line":48,"column":41}},"loc":{"start":{"line":48,"column":44},"end":{"line":51,"column":1}},"line":48}},"branchMap":{"0":{"loc":{"start":{"line":8,"column":11},"end":{"line":8,"column":42}},"type":"cond-expr","locations":[{"start":{"line":8,"column":33},"end":{"line":8,"column":37}},{"start":{"line":8,"column":40},"end":{"line":8,"column":42}}],"line":8},"1":{"loc":{"start":{"line":28,"column":11},"end":{"line":28,"column":42}},"type":"cond-expr","locations":[{"start":{"line":28,"column":33},"end":{"line":28,"column":37}},{"start":{"line":28,"column":40},"end":{"line":28,"column":42}}],"line":28}},"s":{"0":0,"1":0,"2":0,"3":0,"4":0,"5":0,"6":0,"7":0,"8":0,"9":0,"10":0,"11":0,"12":0,"13":0,"14":0,"15":0,"16":0,"17":0,"18":0},"f":{"0":0,"1":0,"2":0,"3":0,"4":0},"b":{"0":[0,0],"1":[0,0]},"_coverageSchema":"1a1c01bbd47fc00a2c39e90264f33305004495a9","hash":"411065ef889ac50ee64b0fd5e90a0e4e57d08a47"}
,"D:\\Grip Invest\\mini-investment-platform\\frontend\\src\\api\\products.js": {"path":"D:\\Grip Invest\\mini-investment-platform\\frontend\\src\\api\\products.js","statementMap":{"0":{"start":{"line":5,"column":19},"end":{"line":5,"column":48}},"1":{"start":{"line":6,"column":2},"end":{"line":6,"column":14}},"2":{"start":{"line":11,"column":19},"end":{"line":11,"column":58}},"3":{"start":{"line":12,"column":2},"end":{"line":12,"column":14}},"4":{"start":{"line":17,"column":19},"end":{"line":17,"column":63}},"5":{"start":{"line":18,"column":2},"end":{"line":18,"column":14}},"6":{"start":{"line":23,"column":19},"end":{"line":23,"column":57}},"7":{"start":{"line":24,"column":2},"end":{"line":24,"column":14}},"8":{"start":{"line":29,"column":19},"end":{"line":29,"column":79}},"9":{"start":{"line":30,"column":2},"end":{"line":30,"column":26}},"10":{"start":{"line":35,"column":19},"end":{"line":35,"column":60}},"11":{"start":{"line":36,"column":2},"end":{"line":36,"column":14}}},"fnMap":{"0":{"name":"apiGetProducts","decl":{"start":{"line":4,"column":22},"end":{"line":4,"column":36}},"loc":{"start":{"line":4,"column":39},"end":{"line":7,"column":1}},"line":4},"1":{"name":"apiCreateProduct","decl":{"start":{"line":9,"column":22},"end":{"line":9,"column":38}},"loc":{"start":{"line":9,"column":48},"end":{"line":13,"column":1}},"line":9},"2":{"name":"apiUpdateProduct","decl":{"start":{"line":16,"column":22},"end":{"line":16,"column":38}},"loc":{"start":{"line":16,"column":52},"end":{"line":19,"column":1}},"line":16},"3":{"name":"apiDeleteProduct","decl":{"start":{"line":22,"column":22},"end":{"line":22,"column":38}},"loc":{"start":{"line":22,"column":43},"end":{"line":25,"column":1}},"line":22},"4":{"name":"apiGenerateProductDescription","decl":{"start":{"line":28,"column":22},"end":{"line":28,"column":51}},"loc":{"start":{"line":28,"column":61},"end":{"line":31,"column":1}},"line":28},"5":{"name":"apiGetRecommendedProducts","decl":{"start":{"line":34,"column":22},"end":{"line":34,"column":47}},"loc":{"start":{"line":34,"column":50},"end":{"line":37,"column":1}},"line":34}},"branchMap":{},"s":{"0":0,"1":0,"2":0,"3":0,"4":0,"5":0,"6":0,"7":0,"8":0,"9":0,"10":0,"11":0},"f":{"0":0,"1":0,"2":0,"3":0,"4":0,"5":0},"b":{},"_coverageSchema":"1a1c01bbd47fc00a2c39e90264f33305004495a9","hash":"ae247a435b95667ec126e3df210c2d8d149f858b"}
,"D:\\Grip Invest\\mini-investment-platform\\frontend\\src\\api\\profile.js": {"path":"D:\\Grip Invest\\mini-investment-platform\\frontend\\src\\api\\profile.js","statementMap":{"0":{"start":{"line":4,"column":28},"end":{"line":4,"column":62}},"1":{"start":{"line":5,"column":2},"end":{"line":5,"column":17}}},"fnMap":{"0":{"name":"apiUpdateUserProfile","decl":{"start":{"line":3,"column":22},"end":{"line":3,"column":42}},"loc":{"start":{"line":3,"column":49},"end":{"line":6,"column":1}},"line":3}},"branchMap":{},"s":{"0":0,"1":0},"f":{"0":0},"b":{},"_coverageSchema":"1a1c01bbd47fc00a2c39e90264f33305004495a9","hash":"36ad72751ede3dafd4f1cbe72c9175b9001cd97d"}
,"D:\\Grip Invest\\mini-investment-platform\\frontend\\src\\api\\transactionLogs.js": {"path":"D:\\Grip Invest\\mini-investment-platform\\frontend\\src\\api\\transactionLogs.js","statementMap":{"0":{"start":{"line":5,"column":2},"end":{"line":14,"column":3}},"1":{"start":{"line":6,"column":21},"end":{"line":6,"column":70}},"2":{"start":{"line":7,"column":4},"end":{"line":10,"column":6}},"3":{"start":{"line":12,"column":4},"end":{"line":12,"column":60}},"4":{"start":{"line":13,"column":4},"end":{"line":13,"column":40}}},"fnMap":{"0":{"name":"apiGetTransactionLogs","decl":{"start":{"line":4,"column":22},"end":{"line":4,"column":43}},"loc":{"start":{"line":4,"column":57},"end":{"line":15,"column":1}},"line":4}},"branchMap":{"0":{"loc":{"start":{"line":4,"column":44},"end":{"line":4,"column":55}},"type":"default-arg","locations":[{"start":{"line":4,"column":53},"end":{"line":4,"column":55}}],"line":4},"1":{"loc":{"start":{"line":8,"column":12},"end":{"line":8,"column":27}},"type":"binary-expr","locations":[{"start":{"line":8,"column":12},"end":{"line":8,"column":21}},{"start":{"line":8,"column":25},"end":{"line":8,"column":27}}],"line":8},"2":{"loc":{"start":{"line":9,"column":18},"end":{"line":9,"column":39}},"type":"binary-expr","locations":[{"start":{"line":9,"column":18},"end":{"line":9,"column":33}},{"start":{"line":9,"column":37},"end":{"line":9,"column":39}}],"line":9}},"s":{"0":0,"1":0,"2":0,"3":0,"4":0},"f":{"0":0},"b":{"0":[0],"1":[0,0],"2":[0,0]},"_coverageSchema":"1a1c01bbd47fc00a2c39e90264f33305004495a9","hash":"bea8c329144db88fb0b25544515da42df5c87fd4"}
,"D:\\Grip Invest\\mini-investment-platform\\frontend\\src\\components\\ResetPasswordModal.jsx": {"path":"D:\\Grip Invest\\mini-investment-platform\\frontend\\src\\components\\ResetPasswordModal.jsx","statementMap":{"0":{"start":{"line":7,"column":26},"end":{"line":7,"column":45}},"1":{"start":{"line":8,"column":28},"end":{"line":8,"column":40}},"2":{"start":{"line":9,"column":26},"end":{"line":9,"column":41}},"3":{"start":{"line":10,"column":24},"end":{"line":10,"column":36}},"4":{"start":{"line":11,"column":28},"end":{"line":11,"column":40}},"5":{"start":{"line":12,"column":32},"end":{"line":12,"column":44}},"6":{"start":{"line":13,"column":32},"end":{"line":13,"column":44}},"7":{"start":{"line":14,"column":24},"end":{"line":14,"column":36}},"8":{"start":{"line":15,"column":46},"end":{"line":15,"column":58}},"9":{"start":{"line":18,"column":2},"end":{"line":24,"column":16}},"10":{"start":{"line":19,"column":4},"end":{"line":23,"column":5}},"11":{"start":{"line":20,"column":6},"end":{"line":20,"column":56}},"12":{"start":{"line":22,"column":6},"end":{"line":22,"column":28}},"13":{"start":{"line":27,"column":4},"end":{"line":27,"column":23}},"14":{"start":{"line":28,"column":4},"end":{"line":35,"column":5}},"15":{"start":{"line":29,"column":6},"end":{"line":29,"column":53}},"16":{"start":{"line":30,"column":6},"end":{"line":30,"column":51}},"17":{"start":{"line":31,"column":6},"end":{"line":32,"column":26}},"18":{"start":{"line":31,"column":26},"end":{"line":31,"column":41}},"19":{"start":{"line":32,"column":11},"end":{"line":32,"column":26}},"20":{"start":{"line":34,"column":6},"end":{"line":34,"column":77}},"21":{"start":{"line":39,"column":4},"end":{"line":39,"column":23}},"22":{"start":{"line":40,"column":4},"end":{"line":40,"column":69}},"23":{"start":{"line":40,"column":29},"end":{"line":40,"column":69}},"24":{"start":{"line":41,"column":4},"end":{"line":41,"column":81}},"25":{"start":{"line":41,"column":31},"end":{"line":41,"column":81}},"26":{"start":{"line":43,"column":4},"end":{"line":49,"column":5}},"27":{"start":{"line":44,"column":6},"end":{"line":44,"column":75}},"28":{"start":{"line":45,"column":6},"end":{"line":45,"column":63}},"29":{"start":{"line":46,"column":6},"end":{"line":46,"column":32}},"30":{"start":{"line":48,"column":6},"end":{"line":48,"column":61}},"31":{"start":{"line":52,"column":2},"end":{"line":145,"column":4}},"32":{"start":{"line":62,"column":31},"end":{"line":62,"column":55}},"33":{"start":{"line":68,"column":31},"end":{"line":68,"column":54}},"34":{"start":{"line":87,"column":33},"end":{"line":87,"column":55}},"35":{"start":{"line":97,"column":33},"end":{"line":97,"column":57}},"36":{"start":{"line":106,"column":31},"end":{"line":106,"column":57}},"37":{"start":{"line":114,"column":18},"end":{"line":114,"column":42}},"38":{"start":{"line":122,"column":31},"end":{"line":122,"column":57}}},"fnMap":{"0":{"name":"ResetPasswordModal","decl":{"start":{"line":6,"column":24},"end":{"line":6,"column":42}},"loc":{"start":{"line":6,"column":56},"end":{"line":146,"column":1}},"line":6},"1":{"name":"(anonymous_1)","decl":{"start":{"line":18,"column":12},"end":{"line":18,"column":13}},"loc":{"start":{"line":18,"column":18},"end":{"line":24,"column":3}},"line":18},"2":{"name":"handleRequest","decl":{"start":{"line":26,"column":17},"end":{"line":26,"column":30}},"loc":{"start":{"line":26,"column":34},"end":{"line":36,"column":3}},"line":26},"3":{"name":"handleReset","decl":{"start":{"line":38,"column":17},"end":{"line":38,"column":28}},"loc":{"start":{"line":38,"column":32},"end":{"line":50,"column":3}},"line":38},"4":{"name":"(anonymous_4)","decl":{"start":{"line":62,"column":24},"end":{"line":62,"column":25}},"loc":{"start":{"line":62,"column":31},"end":{"line":62,"column":55}},"line":62},"5":{"name":"(anonymous_5)","decl":{"start":{"line":68,"column":24},"end":{"line":68,"column":25}},"loc":{"start":{"line":68,"column":31},"end":{"line":68,"column":54}},"line":68},"6":{"name":"(anonymous_6)","decl":{"start":{"line":87,"column":26},"end":{"line":87,"column":27}},"loc":{"start":{"line":87,"column":33},"end":{"line":87,"column":55}},"line":87},"7":{"name":"(anonymous_7)","decl":{"start":{"line":97,"column":26},"end":{"line":97,"column":27}},"loc":{"start":{"line":97,"column":33},"end":{"line":97,"column":57}},"line":97},"8":{"name":"(anonymous_8)","decl":{"start":{"line":106,"column":24},"end":{"line":106,"column":25}},"loc":{"start":{"line":106,"column":31},"end":{"line":106,"column":57}},"line":106},"9":{"name":"(anonymous_9)","decl":{"start":{"line":113,"column":36},"end":{"line":113,"column":37}},"loc":{"start":{"line":114,"column":18},"end":{"line":114,"column":42}},"line":114},"10":{"name":"(anonymous_10)","decl":{"start":{"line":122,"column":24},"end":{"line":122,"column":25}},"loc":{"start":{"line":122,"column":31},"end":{"line":122,"column":57}},"line":122}},"branchMap":{"0":{"loc":{"start":{"line":19,"column":4},"end":{"line":23,"column":5}},"type":"if","locations":[{"start":{"line":19,"column":4},"end":{"line":23,"column":5}},{"start":{"line":21,"column":11},"end":{"line":23,"column":5}}],"line":19},"1":{"loc":{"start":{"line":31,"column":6},"end":{"line":32,"column":26}},"type":"if","locations":[{"start":{"line":31,"column":6},"end":{"line":32,"column":26}},{"start":{"line":32,"column":11},"end":{"line":32,"column":26}}],"line":31},"2":{"loc":{"start":{"line":34,"column":13},"end":{"line":34,"column":75}},"type":"binary-expr","locations":[{"start":{"line":34,"column":13},"end":{"line":34,"column":41}},{"start":{"line":34,"column":45},"end":{"line":34,"column":75}}],"line":34},"3":{"loc":{"start":{"line":40,"column":4},"end":{"line":40,"column":69}},"type":"if","locations":[{"start":{"line":40,"column":4},"end":{"line":40,"column":69}},{"start":{},"end":{}}],"line":40},"4":{"loc":{"start":{"line":41,"column":4},"end":{"line":41,"column":81}},"type":"if","locations":[{"start":{"line":41,"column":4},"end":{"line":41,"column":81}},{"start":{},"end":{}}],"line":41},"5":{"loc":{"start":{"line":48,"column":13},"end":{"line":48,"column":59}},"type":"binary-expr","locations":[{"start":{"line":48,"column":13},"end":{"line":48,"column":41}},{"start":{"line":48,"column":45},"end":{"line":48,"column":59}}],"line":48},"6":{"loc":{"start":{"line":55,"column":9},"end":{"line":78,"column":9}},"type":"binary-expr","locations":[{"start":{"line":55,"column":9},"end":{"line":55,"column":27}},{"start":{"line":56,"column":10},"end":{"line":77,"column":17}}],"line":55},"7":{"loc":{"start":{"line":80,"column":9},"end":{"line":133,"column":9}},"type":"binary-expr","locations":[{"start":{"line":80,"column":9},"end":{"line":80,"column":27}},{"start":{"line":81,"column":10},"end":{"line":132,"column":17}}],"line":80},"8":{"loc":{"start":{"line":82,"column":13},"end":{"line":91,"column":13}},"type":"binary-expr","locations":[{"start":{"line":82,"column":13},"end":{"line":82,"column":27}},{"start":{"line":83,"column":14},"end":{"line":90,"column":16}}],"line":82},"9":{"loc":{"start":{"line":92,"column":13},"end":{"line":101,"column":13}},"type":"binary-expr","locations":[{"start":{"line":92,"column":13},"end":{"line":92,"column":29}},{"start":{"line":93,"column":14},"end":{"line":100,"column":16}}],"line":92},"10":{"loc":{"start":{"line":111,"column":13},"end":{"line":117,"column":13}},"type":"binary-expr","locations":[{"start":{"line":111,"column":13},"end":{"line":111,"column":38}},{"start":{"line":112,"column":14},"end":{"line":116,"column":19}}],"line":111},"11":{"loc":{"start":{"line":135,"column":9},"end":{"line":135,"column":79}},"type":"binary-expr","locations":[{"start":{"line":135,"column":9},"end":{"line":135,"column":12}},{"start":{"line":135,"column":16},"end":{"line":135,"column":79}}],"line":135}},"s":{"0":0,"1":0,"2":0,"3":0,"4":0,"5":0,"6":0,"7":0,"8":0,"9":0,"10":0,"11":0,"12":0,"13":0,"14":0,"15":0,"16":0,"17":0,"18":0,"19":0,"20":0,"21":0,"22":0,"23":0,"24":0,"25":0,"26":0,"27":0,"28":0,"29":0,"30":0,"31":0,"32":0,"33":0,"34":0,"35":0,"36":0,"37":0,"38":0},"f":{"0":0,"1":0,"2":0,"3":0,"4":0,"5":0,"6":0,"7":0,"8":0,"9":0,"10":0},"b":{"0":[0,0],"1":[0,0],"2":[0,0],"3":[0,0],"4":[0,0],"5":[0,0],"6":[0,0],"7":[0,0],"8":[0,0],"9":[0,0],"10":[0,0],"11":[0,0]},"_coverageSchema":"1a1c01bbd47fc00a2c39e90264f33305004495a9","hash":"3d9c90127625c40d95a63029b2fdcf432f1de010"}
,"D:\\Grip Invest\\mini-investment-platform\\frontend\\src\\components\\auth\\ProtectedRoute.jsx": {"path":"D:\\Grip Invest\\mini-investment-platform\\frontend\\src\\components\\auth\\ProtectedRoute.jsx","statementMap":{"0":{"start":{"line":6,"column":39},"end":{"line":6,"column":48}},"1":{"start":{"line":7,"column":19},"end":{"line":7,"column":32}},"2":{"start":{"line":9,"column":2},"end":{"line":15,"column":3}},"3":{"start":{"line":10,"column":4},"end":{"line":14,"column":6}},"4":{"start":{"line":17,"column":2},"end":{"line":19,"column":3}},"5":{"start":{"line":18,"column":4},"end":{"line":18,"column":71}},"6":{"start":{"line":21,"column":2},"end":{"line":21,"column":18}}},"fnMap":{"0":{"name":"ProtectedRoute","decl":{"start":{"line":5,"column":24},"end":{"line":5,"column":38}},"loc":{"start":{"line":5,"column":53},"end":{"line":22,"column":1}},"line":5}},"branchMap":{"0":{"loc":{"start":{"line":9,"column":2},"end":{"line":15,"column":3}},"type":"if","locations":[{"start":{"line":9,"column":2},"end":{"line":15,"column":3}},{"start":{},"end":{}}],"line":9},"1":{"loc":{"start":{"line":17,"column":2},"end":{"line":19,"column":3}},"type":"if","locations":[{"start":{"line":17,"column":2},"end":{"line":19,"column":3}},{"start":{},"end":{}}],"line":17}},"s":{"0":0,"1":0,"2":0,"3":0,"4":0,"5":0,"6":0},"f":{"0":0},"b":{"0":[0,0],"1":[0,0]}}
,"D:\\Grip Invest\\mini-investment-platform\\frontend\\src\\components\\auth\\RequestOTP.jsx": {"path":"D:\\Grip Invest\\mini-investment-platform\\frontend\\src\\components\\auth\\RequestOTP.jsx","statementMap":{"0":{"start":{"line":6,"column":28},"end":{"line":6,"column":40}},"1":{"start":{"line":7,"column":32},"end":{"line":7,"column":44}},"2":{"start":{"line":8,"column":28},"end":{"line":8,"column":40}},"3":{"start":{"line":10,"column":23},"end":{"line":21,"column":3}},"4":{"start":{"line":11,"column":4},"end":{"line":11,"column":23}},"5":{"start":{"line":12,"column":4},"end":{"line":12,"column":19}},"6":{"start":{"line":13,"column":4},"end":{"line":13,"column":17}},"7":{"start":{"line":15,"column":4},"end":{"line":20,"column":5}},"8":{"start":{"line":16,"column":18},"end":{"line":16,"column":98}},"9":{"start":{"line":17,"column":6},"end":{"line":17,"column":35}},"10":{"start":{"line":19,"column":6},"end":{"line":19,"column":67}},"11":{"start":{"line":23,"column":2},"end":{"line":42,"column":4}},"12":{"start":{"line":31,"column":27},"end":{"line":31,"column":51}}},"fnMap":{"0":{"name":"RequestOTP","decl":{"start":{"line":5,"column":24},"end":{"line":5,"column":34}},"loc":{"start":{"line":5,"column":37},"end":{"line":43,"column":1}},"line":5},"1":{"name":"(anonymous_1)","decl":{"start":{"line":10,"column":23},"end":{"line":10,"column":24}},"loc":{"start":{"line":10,"column":36},"end":{"line":21,"column":3}},"line":10},"2":{"name":"(anonymous_2)","decl":{"start":{"line":31,"column":20},"end":{"line":31,"column":21}},"loc":{"start":{"line":31,"column":27},"end":{"line":31,"column":51}},"line":31}},"branchMap":{"0":{"loc":{"start":{"line":19,"column":15},"end":{"line":19,"column":65}},"type":"binary-expr","locations":[{"start":{"line":19,"column":15},"end":{"line":19,"column":42}},{"start":{"line":19,"column":46},"end":{"line":19,"column":65}}],"line":19},"1":{"loc":{"start":{"line":39,"column":7},"end":{"line":39,"column":66}},"type":"binary-expr","locations":[{"start":{"line":39,"column":7},"end":{"line":39,"column":14}},{"start":{"line":39,"column":18},"end":{"line":39,"column":66}}],"line":39},"2":{"loc":{"start":{"line":40,"column":7},"end":{"line":40,"column":60}},"type":"binary-expr","locations":[{"start":{"line":40,"column":7},"end":{"line":40,"column":12}},{"start":{"line":40,"column":16},"end":{"line":40,"column":60}}],"line":40}},"s":{"0":0,"1":0,"2":0,"3":0,"4":0,"5":0,"6":0,"7":0,"8":0,"9":0,"10":0,"11":0,"12":0},"f":{"0":0,"1":0,"2":0},"b":{"0":[0,0],"1":[0,0],"2":[0,0]}}
,"D:\\Grip Invest\\mini-investment-platform\\frontend\\src\\components\\auth\\ResetPassword.jsx": {"path":"D:\\Grip Invest\\mini-investment-platform\\frontend\\src\\components\\auth\\ResetPassword.jsx","statementMap":{"0":{"start":{"line":5,"column":28},"end":{"line":5,"column":40}},"1":{"start":{"line":6,"column":24},"end":{"line":6,"column":36}},"2":{"start":{"line":7,"column":40},"end":{"line":7,"column":52}},"3":{"start":{"line":8,"column":56},"end":{"line":8,"column":68}},"4":{"start":{"line":9,"column":32},"end":{"line":9,"column":44}},"5":{"start":{"line":10,"column":28},"end":{"line":10,"column":40}},"6":{"start":{"line":13,"column":2},"end":{"line":32,"column":20}},"7":{"start":{"line":14,"column":26},"end":{"line":28,"column":5}},"8":{"start":{"line":15,"column":6},"end":{"line":18,"column":7}},"9":{"start":{"line":16,"column":8},"end":{"line":16,"column":55}},"10":{"start":{"line":17,"column":8},"end":{"line":17,"column":15}},"11":{"start":{"line":19,"column":6},"end":{"line":27,"column":7}},"12":{"start":{"line":20,"column":20},"end":{"line":22,"column":10}},"13":{"start":{"line":23,"column":8},"end":{"line":23,"column":59}},"14":{"start":{"line":25,"column":8},"end":{"line":25,"column":55}},"15":{"start":{"line":26,"column":8},"end":{"line":26,"column":35}},"16":{"start":{"line":30,"column":26},"end":{"line":30,"column":56}},"17":{"start":{"line":31,"column":4},"end":{"line":31,"column":45}},"18":{"start":{"line":31,"column":17},"end":{"line":31,"column":44}},"19":{"start":{"line":34,"column":23},"end":{"line":49,"column":3}},"20":{"start":{"line":35,"column":4},"end":{"line":35,"column":23}},"21":{"start":{"line":36,"column":4},"end":{"line":36,"column":19}},"22":{"start":{"line":37,"column":4},"end":{"line":37,"column":17}},"23":{"start":{"line":39,"column":4},"end":{"line":48,"column":5}},"24":{"start":{"line":40,"column":18},"end":{"line":44,"column":8}},"25":{"start":{"line":45,"column":6},"end":{"line":45,"column":35}},"26":{"start":{"line":47,"column":6},"end":{"line":47,"column":74}},"27":{"start":{"line":51,"column":2},"end":{"line":99,"column":4}},"28":{"start":{"line":59,"column":27},"end":{"line":59,"column":51}},"29":{"start":{"line":68,"column":27},"end":{"line":68,"column":49}},"30":{"start":{"line":77,"column":27},"end":{"line":77,"column":57}},"31":{"start":{"line":86,"column":14},"end":{"line":86,"column":38}}},"fnMap":{"0":{"name":"ResetPassword","decl":{"start":{"line":4,"column":24},"end":{"line":4,"column":37}},"loc":{"start":{"line":4,"column":40},"end":{"line":100,"column":1}},"line":4},"1":{"name":"(anonymous_1)","decl":{"start":{"line":13,"column":12},"end":{"line":13,"column":13}},"loc":{"start":{"line":13,"column":18},"end":{"line":32,"column":3}},"line":13},"2":{"name":"(anonymous_2)","decl":{"start":{"line":14,"column":26},"end":{"line":14,"column":27}},"loc":{"start":{"line":14,"column":38},"end":{"line":28,"column":5}},"line":14},"3":{"name":"(anonymous_3)","decl":{"start":{"line":31,"column":11},"end":{"line":31,"column":12}},"loc":{"start":{"line":31,"column":17},"end":{"line":31,"column":44}},"line":31},"4":{"name":"(anonymous_4)","decl":{"start":{"line":34,"column":23},"end":{"line":34,"column":24}},"loc":{"start":{"line":34,"column":36},"end":{"line":49,"column":3}},"line":34},"5":{"name":"(anonymous_5)","decl":{"start":{"line":59,"column":20},"end":{"line":59,"column":21}},"loc":{"start":{"line":59,"column":27},"end":{"line":59,"column":51}},"line":59},"6":{"name":"(anonymous_6)","decl":{"start":{"line":68,"column":20},"end":{"line":68,"column":21}},"loc":{"start":{"line":68,"column":27},"end":{"line":68,"column":49}},"line":68},"7":{"name":"(anonymous_7)","decl":{"start":{"line":77,"column":20},"end":{"line":77,"column":21}},"loc":{"start":{"line":77,"column":27},"end":{"line":77,"column":57}},"line":77},"8":{"name":"(anonymous_8)","decl":{"start":{"line":85,"column":37},"end":{"line":85,"column":38}},"loc":{"start":{"line":86,"column":14},"end":{"line":86,"column":38}},"line":86}},"branchMap":{"0":{"loc":{"start":{"line":15,"column":6},"end":{"line":18,"column":7}},"type":"if","locations":[{"start":{"line":15,"column":6},"end":{"line":18,"column":7}},{"start":{},"end":{}}],"line":15},"1":{"loc":{"start":{"line":23,"column":31},"end":{"line":23,"column":57}},"type":"binary-expr","locations":[{"start":{"line":23,"column":31},"end":{"line":23,"column":51}},{"start":{"line":23,"column":55},"end":{"line":23,"column":57}}],"line":23},"2":{"loc":{"start":{"line":47,"column":15},"end":{"line":47,"column":72}},"type":"binary-expr","locations":[{"start":{"line":47,"column":15},"end":{"line":47,"column":42}},{"start":{"line":47,"column":46},"end":{"line":47,"column":72}}],"line":47},"3":{"loc":{"start":{"line":83,"column":9},"end":{"line":89,"column":9}},"type":"binary-expr","locations":[{"start":{"line":83,"column":9},"end":{"line":83,"column":39}},{"start":{"line":84,"column":10},"end":{"line":88,"column":15}}],"line":83},"4":{"loc":{"start":{"line":96,"column":7},"end":{"line":96,"column":66}},"type":"binary-expr","locations":[{"start":{"line":96,"column":7},"end":{"line":96,"column":14}},{"start":{"line":96,"column":18},"end":{"line":96,"column":66}}],"line":96},"5":{"loc":{"start":{"line":97,"column":7},"end":{"line":97,"column":60}},"type":"binary-expr","locations":[{"start":{"line":97,"column":7},"end":{"line":97,"column":12}},{"start":{"line":97,"column":16},"end":{"line":97,"column":60}}],"line":97}},"s":{"0":0,"1":0,"2":0,"3":0,"4":0,"5":0,"6":0,"7":0,"8":0,"9":0,"10":0,"11":0,"12":0,"13":0,"14":0,"15":0,"16":0,"17":0,"18":0,"19":0,"20":0,"21":0,"22":0,"23":0,"24":0,"25":0,"26":0,"27":0,"28":0,"29":0,"30":0,"31":0},"f":{"0":0,"1":0,"2":0,"3":0,"4":0,"5":0,"6":0,"7":0,"8":0},"b":{"0":[0,0],"1":[0,0],"2":[0,0],"3":[0,0],"4":[0,0],"5":[0,0]}}
,"D:\\Grip Invest\\mini-investment-platform\\frontend\\src\\components\\forms\\PasswordStrengthMeter.jsx": {"path":"D:\\Grip Invest\\mini-investment-platform\\frontend\\src\\components\\forms\\PasswordStrengthMeter.jsx","statementMap":{"0":{"start":{"line":5,"column":2},"end":{"line":5,"column":29}},"1":{"start":{"line":5,"column":17},"end":{"line":5,"column":29}},"2":{"start":{"line":8,"column":21},"end":{"line":8,"column":37}},"3":{"start":{"line":9,"column":17},"end":{"line":9,"column":33}},"4":{"start":{"line":12,"column":26},"end":{"line":12,"column":65}},"5":{"start":{"line":13,"column":20},"end":{"line":17,"column":7}},"6":{"start":{"line":14,"column":4},"end":{"line":14,"column":58}},"7":{"start":{"line":14,"column":30},"end":{"line":14,"column":57}},"8":{"start":{"line":18,"column":27},"end":{"line":18,"column":60}},"9":{"start":{"line":20,"column":26},"end":{"line":20,"column":60}},"10":{"start":{"line":21,"column":25},"end":{"line":21,"column":72}},"11":{"start":{"line":22,"column":16},"end":{"line":22,"column":48}},"12":{"start":{"line":25,"column":23},"end":{"line":25,"column":43}},"13":{"start":{"line":26,"column":19},"end":{"line":26,"column":41}},"14":{"start":{"line":27,"column":19},"end":{"line":27,"column":41}},"15":{"start":{"line":28,"column":20},"end":{"line":28,"column":42}},"16":{"start":{"line":29,"column":21},"end":{"line":29,"column":50}},"17":{"start":{"line":31,"column":2},"end":{"line":91,"column":4}},"18":{"start":{"line":47,"column":10},"end":{"line":51,"column":12}},"19":{"start":{"line":83,"column":14},"end":{"line":85,"column":19}}},"fnMap":{"0":{"name":"PasswordStrengthMeter","decl":{"start":{"line":4,"column":24},"end":{"line":4,"column":45}},"loc":{"start":{"line":4,"column":78},"end":{"line":92,"column":1}},"line":4},"1":{"name":"(anonymous_1)","decl":{"start":{"line":13,"column":37},"end":{"line":13,"column":38}},"loc":{"start":{"line":14,"column":4},"end":{"line":14,"column":58}},"line":14},"2":{"name":"(anonymous_2)","decl":{"start":{"line":14,"column":25},"end":{"line":14,"column":26}},"loc":{"start":{"line":14,"column":30},"end":{"line":14,"column":57}},"line":14},"3":{"name":"(anonymous_3)","decl":{"start":{"line":46,"column":39},"end":{"line":46,"column":40}},"loc":{"start":{"line":47,"column":10},"end":{"line":51,"column":12}},"line":47},"4":{"name":"(anonymous_4)","decl":{"start":{"line":82,"column":29},"end":{"line":82,"column":30}},"loc":{"start":{"line":83,"column":14},"end":{"line":85,"column":19}},"line":83}},"branchMap":{"0":{"loc":{"start":{"line":4,"column":58},"end":{"line":4,"column":74}},"type":"default-arg","locations":[{"start":{"line":4,"column":72},"end":{"line":4,"column":74}}],"line":4},"1":{"loc":{"start":{"line":5,"column":2},"end":{"line":5,"column":29}},"type":"if","locations":[{"start":{"line":5,"column":2},"end":{"line":5,"column":29}},{"start":{},"end":{}}],"line":5},"2":{"loc":{"start":{"line":13,"column":20},"end":{"line":17,"column":7}},"type":"cond-expr","locations":[{"start":{"line":16,"column":6},"end":{"line":16,"column":7}},{"start":{"line":17,"column":6},"end":{"line":17,"column":7}}],"line":13},"3":{"loc":{"start":{"line":60,"column":23},"end":{"line":60,"column":71}},"type":"cond-expr","locations":[{"start":{"line":60,"column":38},"end":{"line":60,"column":54}},{"start":{"line":60,"column":57},"end":{"line":60,"column":71}}],"line":60},"4":{"loc":{"start":{"line":61,"column":11},"end":{"line":61,"column":35}},"type":"cond-expr","locations":[{"start":{"line":61,"column":26},"end":{"line":61,"column":29}},{"start":{"line":61,"column":32},"end":{"line":61,"column":35}}],"line":61},"5":{"loc":{"start":{"line":63,"column":23},"end":{"line":63,"column":67}},"type":"cond-expr","locations":[{"start":{"line":63,"column":34},"end":{"line":63,"column":50}},{"start":{"line":63,"column":53},"end":{"line":63,"column":67}}],"line":63},"6":{"loc":{"start":{"line":64,"column":11},"end":{"line":64,"column":31}},"type":"cond-expr","locations":[{"start":{"line":64,"column":22},"end":{"line":64,"column":25}},{"start":{"line":64,"column":28},"end":{"line":64,"column":31}}],"line":64},"7":{"loc":{"start":{"line":66,"column":23},"end":{"line":66,"column":67}},"type":"cond-expr","locations":[{"start":{"line":66,"column":34},"end":{"line":66,"column":50}},{"start":{"line":66,"column":53},"end":{"line":66,"column":67}}],"line":66},"8":{"loc":{"start":{"line":67,"column":11},"end":{"line":67,"column":31}},"type":"cond-expr","locations":[{"start":{"line":67,"column":22},"end":{"line":67,"column":25}},{"start":{"line":67,"column":28},"end":{"line":67,"column":31}}],"line":67},"9":{"loc":{"start":{"line":69,"column":23},"end":{"line":69,"column":68}},"type":"cond-expr","locations":[{"start":{"line":69,"column":35},"end":{"line":69,"column":51}},{"start":{"line":69,"column":54},"end":{"line":69,"column":68}}],"line":69},"10":{"loc":{"start":{"line":70,"column":11},"end":{"line":70,"column":32}},"type":"cond-expr","locations":[{"start":{"line":70,"column":23},"end":{"line":70,"column":26}},{"start":{"line":70,"column":29},"end":{"line":70,"column":32}}],"line":70},"11":{"loc":{"start":{"line":72,"column":23},"end":{"line":72,"column":69}},"type":"cond-expr","locations":[{"start":{"line":72,"column":36},"end":{"line":72,"column":52}},{"start":{"line":72,"column":55},"end":{"line":72,"column":69}}],"line":72},"12":{"loc":{"start":{"line":73,"column":11},"end":{"line":73,"column":33}},"type":"cond-expr","locations":[{"start":{"line":73,"column":24},"end":{"line":73,"column":27}},{"start":{"line":73,"column":30},"end":{"line":73,"column":33}}],"line":73},"13":{"loc":{"start":{"line":78,"column":7},"end":{"line":89,"column":7}},"type":"binary-expr","locations":[{"start":{"line":78,"column":7},"end":{"line":78,"column":29}},{"start":{"line":79,"column":8},"end":{"line":88,"column":14}}],"line":78}},"s":{"0":0,"1":0,"2":0,"3":0,"4":0,"5":0,"6":0,"7":0,"8":0,"9":0,"10":0,"11":0,"12":0,"13":0,"14":0,"15":0,"16":0,"17":0,"18":0,"19":0},"f":{"0":0,"1":0,"2":0,"3":0,"4":0},"b":{"0":[0],"1":[0,0],"2":[0,0],"3":[0,0],"4":[0,0],"5":[0,0],"6":[0,0],"7":[0,0],"8":[0,0],"9":[0,0],"10":[0,0],"11":[0,0],"12":[0,0],"13":[0,0]},"_coverageSchema":"1a1c01bbd47fc00a2c39e90264f33305004495a9","hash":"b9608b9a0fbb87da89f37f5b8896a0fb15c72dbc"}
,"D:\\Grip Invest\\mini-investment-platform\\frontend\\src\\components\\layout\\DashboardLayout.jsx": {"path":"D:\\Grip Invest\\mini-investment-platform\\frontend\\src\\components\\layout\\DashboardLayout.jsx","statementMap":{"0":{"start":{"line":4,"column":24},"end":{"line":17,"column":1}},"1":{"start":{"line":5,"column":2},"end":{"line":16,"column":4}}},"fnMap":{"0":{"name":"(anonymous_0)","decl":{"start":{"line":4,"column":24},"end":{"line":4,"column":25}},"loc":{"start":{"line":4,"column":42},"end":{"line":17,"column":1}},"line":4}},"branchMap":{},"s":{"0":5,"1":13},"f":{"0":13},"b":{},"_coverageSchema":"1a1c01bbd47fc00a2c39e90264f33305004495a9","hash":"1dfa3d91d857c3cfd2fd66ce45031beb1d1f9a0b"}
,"D:\\Grip Invest\\mini-investment-platform\\frontend\\src\\components\\layout\\Header.jsx": {"path":"D:\\Grip Invest\\mini-investment-platform\\frontend\\src\\components\\layout\\Header.jsx","statementMap":{"0":{"start":{"line":6,"column":15},"end":{"line":40,"column":1}},"1":{"start":{"line":7,"column":27},"end":{"line":7,"column":36}},"2":{"start":{"line":8,"column":20},"end":{"line":8,"column":46}},"3":{"start":{"line":9,"column":19},"end":{"line":9,"column":32}},"4":{"start":{"line":12,"column":21},"end":{"line":18,"column":3}},"5":{"start":{"line":19,"column":20},"end":{"line":19,"column":55}},"6":{"start":{"line":21,"column":2},"end":{"line":39,"column":4}}},"fnMap":{"0":{"name":"(anonymous_0)","decl":{"start":{"line":6,"column":15},"end":{"line":6,"column":16}},"loc":{"start":{"line":6,"column":21},"end":{"line":40,"column":1}},"line":6}},"branchMap":{"0":{"loc":{"start":{"line":8,"column":20},"end":{"line":8,"column":46}},"type":"binary-expr","locations":[{"start":{"line":8,"column":20},"end":{"line":8,"column":36}},{"start":{"line":8,"column":40},"end":{"line":8,"column":46}}],"line":8},"1":{"loc":{"start":{"line":19,"column":20},"end":{"line":19,"column":55}},"type":"binary-expr","locations":[{"start":{"line":19,"column":20},"end":{"line":19,"column":49}},{"start":{"line":19,"column":53},"end":{"line":19,"column":55}}],"line":19}},"s":{"0":5,"1":13,"2":13,"3":13,"4":13,"5":13,"6":13},"f":{"0":13},"b":{"0":[13,13],"1":[13,13]},"_coverageSchema":"1a1c01bbd47fc00a2c39e90264f33305004495a9","hash":"84a88cea5c292906d35a7c8f017a2e21af841099"}
,"D:\\Grip Invest\\mini-investment-platform\\frontend\\src\\components\\layout\\Sidebar.jsx": {"path":"D:\\Grip Invest\\mini-investment-platform\\frontend\\src\\components\\layout\\Sidebar.jsx","statementMap":{"0":{"start":{"line":5,"column":16},"end":{"line":51,"column":1}},"1":{"start":{"line":6,"column":21},"end":{"line":6,"column":30}},"2":{"start":{"line":8,"column":20},"end":{"line":14,"column":3}},"3":{"start":{"line":16,"column":2},"end":{"line":50,"column":4}},"4":{"start":{"line":26,"column":10},"end":{"line":36,"column":20}},"5":{"start":{"line":30,"column":14},"end":{"line":31,"column":94}}},"fnMap":{"0":{"name":"(anonymous_0)","decl":{"start":{"line":5,"column":16},"end":{"line":5,"column":17}},"loc":{"start":{"line":5,"column":22},"end":{"line":51,"column":1}},"line":5},"1":{"name":"(anonymous_1)","decl":{"start":{"line":25,"column":23},"end":{"line":25,"column":24}},"loc":{"start":{"line":26,"column":10},"end":{"line":36,"column":20}},"line":26},"2":{"name":"(anonymous_2)","decl":{"start":{"line":29,"column":23},"end":{"line":29,"column":24}},"loc":{"start":{"line":30,"column":14},"end":{"line":31,"column":94}},"line":30}},"branchMap":{"0":{"loc":{"start":{"line":31,"column":17},"end":{"line":31,"column":92}},"type":"cond-expr","locations":[{"start":{"line":31,"column":28},"end":{"line":31,"column":70}},{"start":{"line":31,"column":73},"end":{"line":31,"column":92}}],"line":31}},"s":{"0":5,"1":13,"2":13,"3":13,"4":65,"5":65},"f":{"0":13,"1":65,"2":65},"b":{"0":[0,65]},"_coverageSchema":"1a1c01bbd47fc00a2c39e90264f33305004495a9","hash":"ea51c76f32dffa2a5f3c9377bbb8d45eeb407f99"}
,"D:\\Grip Invest\\mini-investment-platform\\frontend\\src\\components\\products\\AddProductModal.jsx": {"path":"D:\\Grip Invest\\mini-investment-platform\\frontend\\src\\components\\products\\AddProductModal.jsx","statementMap":{"0":{"start":{"line":6,"column":26},"end":{"line":15,"column":4}},"1":{"start":{"line":17,"column":23},"end":{"line":26,"column":3}},"2":{"start":{"line":18,"column":28},"end":{"line":18,"column":36}},"3":{"start":{"line":19,"column":4},"end":{"line":25,"column":8}},"4":{"start":{"line":19,"column":23},"end":{"line":25,"column":5}},"5":{"start":{"line":28,"column":36},"end":{"line":54,"column":3}},"6":{"start":{"line":29,"column":4},"end":{"line":29,"column":72}},"7":{"start":{"line":29,"column":20},"end":{"line":29,"column":72}},"8":{"start":{"line":31,"column":4},"end":{"line":52,"column":1}},"9":{"start":{"line":32,"column":19},"end":{"line":40,"column":8}},"10":{"start":{"line":41,"column":6},"end":{"line":41,"column":58}},"11":{"start":{"line":41,"column":25},"end":{"line":41,"column":55}},"12":{"start":{"line":43,"column":2},"end":{"line":43,"column":53}},"13":{"start":{"line":47,"column":4},"end":{"line":49,"column":15}},"14":{"start":{"line":51,"column":2},"end":{"line":51,"column":54}},"15":{"start":{"line":56,"column":23},"end":{"line":71,"column":3}},"16":{"start":{"line":58,"column":4},"end":{"line":58,"column":68}},"17":{"start":{"line":58,"column":27},"end":{"line":58,"column":68}},"18":{"start":{"line":59,"column":4},"end":{"line":59,"column":88}},"19":{"start":{"line":59,"column":34},"end":{"line":59,"column":88}},"20":{"start":{"line":60,"column":4},"end":{"line":61,"column":72}},"21":{"start":{"line":61,"column":6},"end":{"line":61,"column":72}},"22":{"start":{"line":63,"column":4},"end":{"line":70,"column":5}},"23":{"start":{"line":64,"column":6},"end":{"line":64,"column":35}},"24":{"start":{"line":65,"column":22},"end":{"line":65,"column":44}},"25":{"start":{"line":66,"column":6},"end":{"line":66,"column":30}},"26":{"start":{"line":67,"column":6},"end":{"line":67,"column":16}},"27":{"start":{"line":69,"column":6},"end":{"line":69,"column":68}},"28":{"start":{"line":73,"column":2},"end":{"line":224,"column":4}}},"fnMap":{"0":{"name":"AddProductModal","decl":{"start":{"line":5,"column":24},"end":{"line":5,"column":39}},"loc":{"start":{"line":5,"column":69},"end":{"line":225,"column":1}},"line":5},"1":{"name":"(anonymous_1)","decl":{"start":{"line":17,"column":23},"end":{"line":17,"column":24}},"loc":{"start":{"line":17,"column":30},"end":{"line":26,"column":3}},"line":17},"2":{"name":"(anonymous_2)","decl":{"start":{"line":19,"column":12},"end":{"line":19,"column":13}},"loc":{"start":{"line":19,"column":23},"end":{"line":25,"column":5}},"line":19},"3":{"name":"(anonymous_3)","decl":{"start":{"line":28,"column":36},"end":{"line":28,"column":37}},"loc":{"start":{"line":28,"column":48},"end":{"line":54,"column":3}},"line":28},"4":{"name":"(anonymous_4)","decl":{"start":{"line":41,"column":14},"end":{"line":41,"column":15}},"loc":{"start":{"line":41,"column":25},"end":{"line":41,"column":55}},"line":41},"5":{"name":"(anonymous_5)","decl":{"start":{"line":56,"column":23},"end":{"line":56,"column":24}},"loc":{"start":{"line":56,"column":35},"end":{"line":71,"column":3}},"line":56}},"branchMap":{"0":{"loc":{"start":{"line":22,"column":8},"end":{"line":24,"column":17}},"type":"cond-expr","locations":[{"start":{"line":23,"column":12},"end":{"line":23,"column":47}},{"start":{"line":24,"column":12},"end":{"line":24,"column":17}}],"line":22},"1":{"loc":{"start":{"line":23,"column":12},"end":{"line":23,"column":47}},"type":"cond-expr","locations":[{"start":{"line":23,"column":27},"end":{"line":23,"column":31}},{"start":{"line":23,"column":34},"end":{"line":23,"column":47}}],"line":23},"2":{"loc":{"start":{"line":29,"column":4},"end":{"line":29,"column":72}},"type":"if","locations":[{"start":{"line":29,"column":4},"end":{"line":29,"column":72}},{"start":{},"end":{}}],"line":29},"3":{"loc":{"start":{"line":47,"column":4},"end":{"line":49,"column":15}},"type":"binary-expr","locations":[{"start":{"line":47,"column":4},"end":{"line":47,"column":31}},{"start":{"line":48,"column":4},"end":{"line":48,"column":29}},{"start":{"line":49,"column":4},"end":{"line":49,"column":15}}],"line":47},"4":{"loc":{"start":{"line":58,"column":4},"end":{"line":58,"column":68}},"type":"if","locations":[{"start":{"line":58,"column":4},"end":{"line":58,"column":68}},{"start":{},"end":{}}],"line":58},"5":{"loc":{"start":{"line":59,"column":4},"end":{"line":59,"column":88}},"type":"if","locations":[{"start":{"line":59,"column":4},"end":{"line":59,"column":88}},{"start":{},"end":{}}],"line":59},"6":{"loc":{"start":{"line":60,"column":4},"end":{"line":61,"column":72}},"type":"if","locations":[{"start":{"line":60,"column":4},"end":{"line":61,"column":72}},{"start":{},"end":{}}],"line":60},"7":{"loc":{"start":{"line":60,"column":8},"end":{"line":60,"column":72}},"type":"binary-expr","locations":[{"start":{"line":60,"column":8},"end":{"line":60,"column":27}},{"start":{"line":60,"column":31},"end":{"line":60,"column":72}}],"line":60},"8":{"loc":{"start":{"line":69,"column":12},"end":{"line":69,"column":66}},"type":"binary-expr","locations":[{"start":{"line":69,"column":12},"end":{"line":69,"column":39}},{"start":{"line":69,"column":43},"end":{"line":69,"column":66}}],"line":69},"9":{"loc":{"start":{"line":176,"column":19},"end":{"line":176,"column":44}},"type":"binary-expr","locations":[{"start":{"line":176,"column":19},"end":{"line":176,"column":38}},{"start":{"line":176,"column":42},"end":{"line":176,"column":44}}],"line":176}},"s":{"0":0,"1":0,"2":0,"3":0,"4":0,"5":0,"6":0,"7":0,"8":0,"9":0,"10":0,"11":0,"12":0,"13":0,"14":0,"15":0,"16":0,"17":0,"18":0,"19":0,"20":0,"21":0,"22":0,"23":0,"24":0,"25":0,"26":0,"27":0,"28":0},"f":{"0":0,"1":0,"2":0,"3":0,"4":0,"5":0},"b":{"0":[0,0],"1":[0,0],"2":[0,0],"3":[0,0,0],"4":[0,0],"5":[0,0],"6":[0,0],"7":[0,0],"8":[0,0],"9":[0,0]},"_coverageSchema":"1a1c01bbd47fc00a2c39e90264f33305004495a9","hash":"56bf276af1a23a24635d17e8f7a0f9ea855e3648"}
,"D:\\Grip Invest\\mini-investment-platform\\frontend\\src\\components\\products\\EditProductModal.jsx": {"path":"D:\\Grip Invest\\mini-investment-platform\\frontend\\src\\components\\products\\EditProductModal.jsx","statementMap":{"0":{"start":{"line":6,"column":26},"end":{"line":15,"column":4}},"1":{"start":{"line":17,"column":23},"end":{"line":26,"column":3}},"2":{"start":{"line":18,"column":28},"end":{"line":18,"column":36}},"3":{"start":{"line":19,"column":4},"end":{"line":25,"column":8}},"4":{"start":{"line":19,"column":23},"end":{"line":25,"column":5}},"5":{"start":{"line":28,"column":36},"end":{"line":46,"column":3}},"6":{"start":{"line":29,"column":4},"end":{"line":29,"column":72}},"7":{"start":{"line":29,"column":20},"end":{"line":29,"column":72}},"8":{"start":{"line":31,"column":4},"end":{"line":45,"column":5}},"9":{"start":{"line":32,"column":19},"end":{"line":40,"column":8}},"10":{"start":{"line":41,"column":6},"end":{"line":41,"column":58}},"11":{"start":{"line":41,"column":25},"end":{"line":41,"column":55}},"12":{"start":{"line":43,"column":6},"end":{"line":43,"column":46}},"13":{"start":{"line":44,"column":6},"end":{"line":44,"column":25}},"14":{"start":{"line":48,"column":23},"end":{"line":65,"column":3}},"15":{"start":{"line":49,"column":4},"end":{"line":49,"column":23}},"16":{"start":{"line":52,"column":4},"end":{"line":52,"column":68}},"17":{"start":{"line":52,"column":27},"end":{"line":52,"column":68}},"18":{"start":{"line":53,"column":4},"end":{"line":53,"column":88}},"19":{"start":{"line":53,"column":34},"end":{"line":53,"column":88}},"20":{"start":{"line":54,"column":4},"end":{"line":55,"column":72}},"21":{"start":{"line":55,"column":6},"end":{"line":55,"column":72}},"22":{"start":{"line":57,"column":4},"end":{"line":64,"column":5}},"23":{"start":{"line":58,"column":6},"end":{"line":58,"column":47}},"24":{"start":{"line":59,"column":22},"end":{"line":59,"column":44}},"25":{"start":{"line":60,"column":6},"end":{"line":60,"column":32}},"26":{"start":{"line":61,"column":6},"end":{"line":61,"column":16}},"27":{"start":{"line":63,"column":6},"end":{"line":63,"column":71}},"28":{"start":{"line":67,"column":2},"end":{"line":210,"column":4}}},"fnMap":{"0":{"name":"EditProductModal","decl":{"start":{"line":5,"column":24},"end":{"line":5,"column":40}},"loc":{"start":{"line":5,"column":81},"end":{"line":211,"column":1}},"line":5},"1":{"name":"(anonymous_1)","decl":{"start":{"line":17,"column":23},"end":{"line":17,"column":24}},"loc":{"start":{"line":17,"column":30},"end":{"line":26,"column":3}},"line":17},"2":{"name":"(anonymous_2)","decl":{"start":{"line":19,"column":12},"end":{"line":19,"column":13}},"loc":{"start":{"line":19,"column":23},"end":{"line":25,"column":5}},"line":19},"3":{"name":"(anonymous_3)","decl":{"start":{"line":28,"column":36},"end":{"line":28,"column":37}},"loc":{"start":{"line":28,"column":48},"end":{"line":46,"column":3}},"line":28},"4":{"name":"(anonymous_4)","decl":{"start":{"line":41,"column":14},"end":{"line":41,"column":15}},"loc":{"start":{"line":41,"column":25},"end":{"line":41,"column":55}},"line":41},"5":{"name":"(anonymous_5)","decl":{"start":{"line":48,"column":23},"end":{"line":48,"column":24}},"loc":{"start":{"line":48,"column":36},"end":{"line":65,"column":3}},"line":48}},"branchMap":{"0":{"loc":{"start":{"line":13,"column":20},"end":{"line":13,"column":50}},"type":"binary-expr","locations":[{"start":{"line":13,"column":20},"end":{"line":13,"column":42}},{"start":{"line":13,"column":46},"end":{"line":13,"column":50}}],"line":13},"1":{"loc":{"start":{"line":14,"column":17},"end":{"line":14,"column":42}},"type":"binary-expr","locations":[{"start":{"line":14,"column":17},"end":{"line":14,"column":36}},{"start":{"line":14,"column":40},"end":{"line":14,"column":42}}],"line":14},"2":{"loc":{"start":{"line":22,"column":8},"end":{"line":24,"column":17}},"type":"cond-expr","locations":[{"start":{"line":23,"column":12},"end":{"line":23,"column":47}},{"start":{"line":24,"column":12},"end":{"line":24,"column":17}}],"line":22},"3":{"loc":{"start":{"line":23,"column":12},"end":{"line":23,"column":47}},"type":"cond-expr","locations":[{"start":{"line":23,"column":27},"end":{"line":23,"column":31}},{"start":{"line":23,"column":34},"end":{"line":23,"column":47}}],"line":23},"4":{"loc":{"start":{"line":29,"column":4},"end":{"line":29,"column":72}},"type":"if","locations":[{"start":{"line":29,"column":4},"end":{"line":29,"column":72}},{"start":{},"end":{}}],"line":29},"5":{"loc":{"start":{"line":52,"column":4},"end":{"line":52,"column":68}},"type":"if","locations":[{"start":{"line":52,"column":4},"end":{"line":52,"column":68}},{"start":{},"end":{}}],"line":52},"6":{"loc":{"start":{"line":53,"column":4},"end":{"line":53,"column":88}},"type":"if","locations":[{"start":{"line":53,"column":4},"end":{"line":53,"column":88}},{"start":{},"end":{}}],"line":53},"7":{"loc":{"start":{"line":54,"column":4},"end":{"line":55,"column":72}},"type":"if","locations":[{"start":{"line":54,"column":4},"end":{"line":55,"column":72}},{"start":{},"end":{}}],"line":54},"8":{"loc":{"start":{"line":54,"column":8},"end":{"line":54,"column":72}},"type":"binary-expr","locations":[{"start":{"line":54,"column":8},"end":{"line":54,"column":27}},{"start":{"line":54,"column":31},"end":{"line":54,"column":72}}],"line":54},"9":{"loc":{"start":{"line":63,"column":12},"end":{"line":63,"column":69}},"type":"binary-expr","locations":[{"start":{"line":63,"column":12},"end":{"line":63,"column":39}},{"start":{"line":63,"column":43},"end":{"line":63,"column":69}}],"line":63},"10":{"loc":{"start":{"line":169,"column":19},"end":{"line":169,"column":44}},"type":"binary-expr","locations":[{"start":{"line":169,"column":19},"end":{"line":169,"column":38}},{"start":{"line":169,"column":42},"end":{"line":169,"column":44}}],"line":169}},"s":{"0":0,"1":0,"2":0,"3":0,"4":0,"5":0,"6":0,"7":0,"8":0,"9":0,"10":0,"11":0,"12":0,"13":0,"14":0,"15":0,"16":0,"17":0,"18":0,"19":0,"20":0,"21":0,"22":0,"23":0,"24":0,"25":0,"26":0,"27":0,"28":0},"f":{"0":0,"1":0,"2":0,"3":0,"4":0,"5":0},"b":{"0":[0,0],"1":[0,0],"2":[0,0],"3":[0,0],"4":[0,0],"5":[0,0],"6":[0,0],"7":[0,0],"8":[0,0],"9":[0,0],"10":[0,0]},"_coverageSchema":"1a1c01bbd47fc00a2c39e90264f33305004495a9","hash":"b6867d397ee30ef68b41b38c758d6f3e9211078f"}
,"D:\\Grip Invest\\mini-investment-platform\\frontend\\src\\components\\products\\InvestModal.jsx": {"path":"D:\\Grip Invest\\mini-investment-platform\\frontend\\src\\components\\products\\InvestModal.jsx","statementMap":{"0":{"start":{"line":6,"column":30},"end":{"line":6,"column":42}},"1":{"start":{"line":7,"column":32},"end":{"line":7,"column":47}},"2":{"start":{"line":8,"column":2},"end":{"line":8,"column":28}},"3":{"start":{"line":8,"column":16},"end":{"line":8,"column":28}},"4":{"start":{"line":10,"column":23},"end":{"line":41,"column":3}},"5":{"start":{"line":11,"column":19},"end":{"line":11,"column":37}},"6":{"start":{"line":12,"column":4},"end":{"line":14,"column":5}},"7":{"start":{"line":13,"column":6},"end":{"line":13,"column":50}},"8":{"start":{"line":15,"column":4},"end":{"line":17,"column":5}},"9":{"start":{"line":16,"column":6},"end":{"line":16,"column":73}},"10":{"start":{"line":18,"column":4},"end":{"line":20,"column":5}},"11":{"start":{"line":19,"column":6},"end":{"line":19,"column":70}},"12":{"start":{"line":22,"column":4},"end":{"line":22,"column":21}},"13":{"start":{"line":23,"column":4},"end":{"line":40,"column":5}},"14":{"start":{"line":25,"column":6},"end":{"line":25,"column":66}},"15":{"start":{"line":28,"column":6},"end":{"line":28,"column":55}},"16":{"start":{"line":28,"column":33},"end":{"line":28,"column":53}},"17":{"start":{"line":31,"column":6},"end":{"line":31,"column":41}},"18":{"start":{"line":31,"column":22},"end":{"line":31,"column":41}},"19":{"start":{"line":34,"column":6},"end":{"line":34,"column":16}},"20":{"start":{"line":36,"column":6},"end":{"line":36,"column":50}},"21":{"start":{"line":37,"column":6},"end":{"line":37,"column":64}},"22":{"start":{"line":39,"column":6},"end":{"line":39,"column":24}},"23":{"start":{"line":43,"column":2},"end":{"line":84,"column":4}},"24":{"start":{"line":57,"column":27},"end":{"line":57,"column":52}}},"fnMap":{"0":{"name":"InvestModal","decl":{"start":{"line":5,"column":24},"end":{"line":5,"column":35}},"loc":{"start":{"line":5,"column":70},"end":{"line":85,"column":1}},"line":5},"1":{"name":"(anonymous_1)","decl":{"start":{"line":10,"column":23},"end":{"line":10,"column":24}},"loc":{"start":{"line":10,"column":35},"end":{"line":41,"column":3}},"line":10},"2":{"name":"(anonymous_2)","decl":{"start":{"line":28,"column":24},"end":{"line":28,"column":25}},"loc":{"start":{"line":28,"column":33},"end":{"line":28,"column":53}},"line":28},"3":{"name":"(anonymous_3)","decl":{"start":{"line":57,"column":20},"end":{"line":57,"column":21}},"loc":{"start":{"line":57,"column":27},"end":{"line":57,"column":52}},"line":57}},"branchMap":{"0":{"loc":{"start":{"line":8,"column":2},"end":{"line":8,"column":28}},"type":"if","locations":[{"start":{"line":8,"column":2},"end":{"line":8,"column":28}},{"start":{},"end":{}}],"line":8},"1":{"loc":{"start":{"line":12,"column":4},"end":{"line":14,"column":5}},"type":"if","locations":[{"start":{"line":12,"column":4},"end":{"line":14,"column":5}},{"start":{},"end":{}}],"line":12},"2":{"loc":{"start":{"line":12,"column":8},"end":{"line":12,"column":36}},"type":"binary-expr","locations":[{"start":{"line":12,"column":8},"end":{"line":12,"column":21}},{"start":{"line":12,"column":25},"end":{"line":12,"column":36}}],"line":12},"3":{"loc":{"start":{"line":15,"column":4},"end":{"line":17,"column":5}},"type":"if","locations":[{"start":{"line":15,"column":4},"end":{"line":17,"column":5}},{"start":{},"end":{}}],"line":15},"4":{"loc":{"start":{"line":18,"column":4},"end":{"line":20,"column":5}},"type":"if","locations":[{"start":{"line":18,"column":4},"end":{"line":20,"column":5}},{"start":{},"end":{}}],"line":18},"5":{"loc":{"start":{"line":18,"column":8},"end":{"line":18,"column":65}},"type":"binary-expr","locations":[{"start":{"line":18,"column":8},"end":{"line":18,"column":30}},{"start":{"line":18,"column":34},"end":{"line":18,"column":65}}],"line":18},"6":{"loc":{"start":{"line":31,"column":6},"end":{"line":31,"column":41}},"type":"if","locations":[{"start":{"line":31,"column":6},"end":{"line":31,"column":41}},{"start":{},"end":{}}],"line":31},"7":{"loc":{"start":{"line":37,"column":12},"end":{"line":37,"column":62}},"type":"binary-expr","locations":[{"start":{"line":37,"column":12},"end":{"line":37,"column":39}},{"start":{"line":37,"column":43},"end":{"line":37,"column":62}}],"line":37},"8":{"loc":{"start":{"line":50,"column":11},"end":{"line":50,"column":73}},"type":"binary-expr","locations":[{"start":{"line":50,"column":11},"end":{"line":50,"column":33}},{"start":{"line":50,"column":37},"end":{"line":50,"column":73}}],"line":50},"9":{"loc":{"start":{"line":60,"column":15},"end":{"line":60,"column":50}},"type":"binary-expr","locations":[{"start":{"line":60,"column":15},"end":{"line":60,"column":37}},{"start":{"line":60,"column":41},"end":{"line":60,"column":50}}],"line":60},"10":{"loc":{"start":{"line":74,"column":14},"end":{"line":76,"column":51}},"type":"cond-expr","locations":[{"start":{"line":75,"column":18},"end":{"line":75,"column":50}},{"start":{"line":76,"column":18},"end":{"line":76,"column":51}}],"line":74},"11":{"loc":{"start":{"line":79,"column":13},"end":{"line":79,"column":50}},"type":"cond-expr","locations":[{"start":{"line":79,"column":23},"end":{"line":79,"column":38}},{"start":{"line":79,"column":41},"end":{"line":79,"column":50}}],"line":79}},"s":{"0":0,"1":0,"2":0,"3":0,"4":0,"5":0,"6":0,"7":0,"8":0,"9":0,"10":0,"11":0,"12":0,"13":0,"14":0,"15":0,"16":0,"17":0,"18":0,"19":0,"20":0,"21":0,"22":0,"23":0,"24":0},"f":{"0":0,"1":0,"2":0,"3":0},"b":{"0":[0,0],"1":[0,0],"2":[0,0],"3":[0,0],"4":[0,0],"5":[0,0],"6":[0,0],"7":[0,0],"8":[0,0],"9":[0,0],"10":[0,0],"11":[0,0]},"_coverageSchema":"1a1c01bbd47fc00a2c39e90264f33305004495a9","hash":"978f8dd536f92268da3ac9e8d75229a8471d6e44"}
,"D:\\Grip Invest\\mini-investment-platform\\frontend\\src\\context\\AuthContext.jsx": {"path":"D:\\Grip Invest\\mini-investment-platform\\frontend\\src\\context\\AuthContext.jsx","statementMap":{"0":{"start":{"line":6,"column":20},"end":{"line":6,"column":39}},"1":{"start":{"line":9,"column":26},"end":{"line":9,"column":40}},"2":{"start":{"line":10,"column":26},"end":{"line":10,"column":46}},"3":{"start":{"line":11,"column":32},"end":{"line":11,"column":46}},"4":{"start":{"line":14,"column":2},"end":{"line":59,"column":9}},"5":{"start":{"line":15,"column":17},"end":{"line":51,"column":5}},"6":{"start":{"line":16,"column":16},"end":{"line":16,"column":26}},"7":{"start":{"line":17,"column":6},"end":{"line":49,"column":7}},"8":{"start":{"line":18,"column":8},"end":{"line":18,"column":18}},"9":{"start":{"line":19,"column":8},"end":{"line":46,"column":9}},"10":{"start":{"line":21,"column":23},"end":{"line":21,"column":36}},"11":{"start":{"line":22,"column":30},"end":{"line":22,"column":39}},"12":{"start":{"line":23,"column":10},"end":{"line":31,"column":11}},"13":{"start":{"line":25,"column":12},"end":{"line":28,"column":15}},"14":{"start":{"line":30,"column":12},"end":{"line":30,"column":46}},"15":{"start":{"line":34,"column":25},"end":{"line":34,"column":39}},"16":{"start":{"line":35,"column":10},"end":{"line":45,"column":11}},"17":{"start":{"line":36,"column":12},"end":{"line":42,"column":15}},"18":{"start":{"line":44,"column":12},"end":{"line":44,"column":26}},"19":{"start":{"line":48,"column":8},"end":{"line":48,"column":22}},"20":{"start":{"line":50,"column":6},"end":{"line":50,"column":24}},"21":{"start":{"line":53,"column":4},"end":{"line":53,"column":11}},"22":{"start":{"line":56,"column":31},"end":{"line":56,"column":50}},"23":{"start":{"line":56,"column":37},"end":{"line":56,"column":50}},"24":{"start":{"line":57,"column":4},"end":{"line":57,"column":67}},"25":{"start":{"line":58,"column":4},"end":{"line":58,"column":83}},"26":{"start":{"line":58,"column":17},"end":{"line":58,"column":82}},"27":{"start":{"line":62,"column":16},"end":{"line":74,"column":3}},"28":{"start":{"line":63,"column":17},"end":{"line":63,"column":44}},"29":{"start":{"line":64,"column":4},"end":{"line":64,"column":23}},"30":{"start":{"line":65,"column":4},"end":{"line":65,"column":25}},"31":{"start":{"line":67,"column":25},"end":{"line":67,"column":34}},"32":{"start":{"line":68,"column":4},"end":{"line":71,"column":7}},"33":{"start":{"line":73,"column":4},"end":{"line":73,"column":24}},"34":{"start":{"line":77,"column":17},"end":{"line":89,"column":3}},"35":{"start":{"line":78,"column":17},"end":{"line":78,"column":41}},"36":{"start":{"line":79,"column":4},"end":{"line":79,"column":23}},"37":{"start":{"line":80,"column":4},"end":{"line":80,"column":25}},"38":{"start":{"line":82,"column":20},"end":{"line":82,"column":29}},"39":{"start":{"line":83,"column":4},"end":{"line":86,"column":7}},"40":{"start":{"line":88,"column":4},"end":{"line":88,"column":19}},"41":{"start":{"line":92,"column":17},"end":{"line":97,"column":3}},"42":{"start":{"line":93,"column":4},"end":{"line":93,"column":18}},"43":{"start":{"line":94,"column":4},"end":{"line":94,"column":17}},"44":{"start":{"line":95,"column":4},"end":{"line":95,"column":18}},"45":{"start":{"line":96,"column":4},"end":{"line":96,"column":50}},"46":{"start":{"line":96,"column":18},"end":{"line":96,"column":50}},"47":{"start":{"line":99,"column":16},"end":{"line":112,"column":3}},"48":{"start":{"line":100,"column":11},"end":{"line":110,"column":5}},"49":{"start":{"line":114,"column":2},"end":{"line":114,"column":79}},"50":{"start":{"line":118,"column":14},"end":{"line":118,"column":37}},"51":{"start":{"line":119,"column":2},"end":{"line":119,"column":72}},"52":{"start":{"line":119,"column":12},"end":{"line":119,"column":72}},"53":{"start":{"line":120,"column":2},"end":{"line":120,"column":13}}},"fnMap":{"0":{"name":"AuthProvider","decl":{"start":{"line":8,"column":16},"end":{"line":8,"column":28}},"loc":{"start":{"line":8,"column":43},"end":{"line":115,"column":1}},"line":8},"1":{"name":"(anonymous_1)","decl":{"start":{"line":14,"column":12},"end":{"line":14,"column":13}},"loc":{"start":{"line":14,"column":18},"end":{"line":59,"column":3}},"line":14},"2":{"name":"(anonymous_2)","decl":{"start":{"line":15,"column":17},"end":{"line":15,"column":18}},"loc":{"start":{"line":15,"column":29},"end":{"line":51,"column":5}},"line":15},"3":{"name":"(anonymous_3)","decl":{"start":{"line":56,"column":31},"end":{"line":56,"column":32}},"loc":{"start":{"line":56,"column":37},"end":{"line":56,"column":50}},"line":56},"4":{"name":"(anonymous_4)","decl":{"start":{"line":58,"column":11},"end":{"line":58,"column":12}},"loc":{"start":{"line":58,"column":17},"end":{"line":58,"column":82}},"line":58},"5":{"name":"(anonymous_5)","decl":{"start":{"line":62,"column":16},"end":{"line":62,"column":17}},"loc":{"start":{"line":62,"column":39},"end":{"line":74,"column":3}},"line":62},"6":{"name":"(anonymous_6)","decl":{"start":{"line":77,"column":17},"end":{"line":77,"column":18}},"loc":{"start":{"line":77,"column":36},"end":{"line":89,"column":3}},"line":77},"7":{"name":"(anonymous_7)","decl":{"start":{"line":92,"column":17},"end":{"line":92,"column":18}},"loc":{"start":{"line":92,"column":38},"end":{"line":97,"column":3}},"line":92},"8":{"name":"(anonymous_8)","decl":{"start":{"line":100,"column":4},"end":{"line":100,"column":5}},"loc":{"start":{"line":100,"column":11},"end":{"line":110,"column":5}},"line":100},"9":{"name":"useAuth","decl":{"start":{"line":117,"column":16},"end":{"line":117,"column":23}},"loc":{"start":{"line":117,"column":26},"end":{"line":121,"column":1}},"line":117}},"branchMap":{"0":{"loc":{"start":{"line":17,"column":6},"end":{"line":49,"column":7}},"type":"if","locations":[{"start":{"line":17,"column":6},"end":{"line":49,"column":7}},{"start":{"line":47,"column":13},"end":{"line":49,"column":7}}],"line":17},"1":{"loc":{"start":{"line":17,"column":10},"end":{"line":17,"column":33}},"type":"binary-expr","locations":[{"start":{"line":17,"column":10},"end":{"line":17,"column":11}},{"start":{"line":17,"column":15},"end":{"line":17,"column":33}}],"line":17},"2":{"loc":{"start":{"line":23,"column":10},"end":{"line":31,"column":11}},"type":"if","locations":[{"start":{"line":23,"column":10},"end":{"line":31,"column":11}},{"start":{"line":29,"column":17},"end":{"line":31,"column":11}}],"line":23},"3":{"loc":{"start":{"line":35,"column":10},"end":{"line":45,"column":11}},"type":"if","locations":[{"start":{"line":35,"column":10},"end":{"line":45,"column":11}},{"start":{"line":43,"column":17},"end":{"line":45,"column":11}}],"line":35},"4":{"loc":{"start":{"line":39,"column":26},"end":{"line":39,"column":49}},"type":"binary-expr","locations":[{"start":{"line":39,"column":26},"end":{"line":39,"column":43}},{"start":{"line":39,"column":47},"end":{"line":39,"column":49}}],"line":39},"5":{"loc":{"start":{"line":40,"column":25},"end":{"line":40,"column":47}},"type":"binary-expr","locations":[{"start":{"line":40,"column":25},"end":{"line":40,"column":41}},{"start":{"line":40,"column":45},"end":{"line":40,"column":47}}],"line":40},"6":{"loc":{"start":{"line":41,"column":20},"end":{"line":41,"column":41}},"type":"binary-expr","locations":[{"start":{"line":41,"column":20},"end":{"line":41,"column":31}},{"start":{"line":41,"column":35},"end":{"line":41,"column":41}}],"line":41},"7":{"loc":{"start":{"line":92,"column":18},"end":{"line":92,"column":33}},"type":"default-arg","locations":[{"start":{"line":92,"column":29},"end":{"line":92,"column":33}}],"line":92},"8":{"loc":{"start":{"line":96,"column":4},"end":{"line":96,"column":50}},"type":"if","locations":[{"start":{"line":96,"column":4},"end":{"line":96,"column":50}},{"start":{},"end":{}}],"line":96},"9":{"loc":{"start":{"line":119,"column":2},"end":{"line":119,"column":72}},"type":"if","locations":[{"start":{"line":119,"column":2},"end":{"line":119,"column":72}},{"start":{},"end":{}}],"line":119}},"s":{"0":4,"1":0,"2":0,"3":0,"4":0,"5":0,"6":0,"7":0,"8":0,"9":0,"10":0,"11":0,"12":0,"13":0,"14":0,"15":0,"16":0,"17":0,"18":0,"19":0,"20":0,"21":0,"22":0,"23":0,"24":0,"25":0,"26":0,"27":0,"28":0,"29":0,"30":0,"31":0,"32":0,"33":0,"34":0,"35":0,"36":0,"37":0,"38":0,"39":0,"40":0,"41":0,"42":0,"43":0,"44":0,"45":0,"46":0,"47":0,"48":0,"49":0,"50":0,"51":0,"52":0,"53":0},"f":{"0":0,"1":0,"2":0,"3":0,"4":0,"5":0,"6":0,"7":0,"8":0,"9":0},"b":{"0":[0,0],"1":[0,0],"2":[0,0],"3":[0,0],"4":[0,0],"5":[0,0],"6":[0,0],"7":[0],"8":[0,0],"9":[0,0]},"_coverageSchema":"1a1c01bbd47fc00a2c39e90264f33305004495a9","hash":"bc30f937e0fd5dd85aa4500229b35aa200655745"}
,"D:\\Grip Invest\\mini-investment-platform\\frontend\\src\\pages\\Dashboard.jsx": {"path":"D:\\Grip Invest\\mini-investment-platform\\frontend\\src\\pages\\Dashboard.jsx","statementMap":{"0":{"start":{"line":15,"column":13},"end":{"line":19,"column":1}},"1":{"start":{"line":16,"column":2},"end":{"line":18,"column":8}},"2":{"start":{"line":20,"column":20},"end":{"line":22,"column":1}},"3":{"start":{"line":21,"column":2},"end":{"line":21,"column":54}},"4":{"start":{"line":25,"column":19},"end":{"line":25,"column":32}},"5":{"start":{"line":26,"column":61},"end":{"line":26,"column":70}},"6":{"start":{"line":28,"column":32},"end":{"line":28,"column":46}},"7":{"start":{"line":29,"column":36},"end":{"line":29,"column":48}},"8":{"start":{"line":30,"column":34},"end":{"line":33,"column":4}},"9":{"start":{"line":34,"column":44},"end":{"line":34,"column":56}},"10":{"start":{"line":35,"column":34},"end":{"line":35,"column":46}},"11":{"start":{"line":36,"column":27},"end":{"line":36,"column":43}},"12":{"start":{"line":38,"column":24},"end":{"line":59,"column":3}},"13":{"start":{"line":39,"column":4},"end":{"line":58,"column":5}},"14":{"start":{"line":40,"column":20},"end":{"line":40,"column":43}},"15":{"start":{"line":41,"column":20},"end":{"line":41,"column":51}},"16":{"start":{"line":42,"column":6},"end":{"line":52,"column":8}},"17":{"start":{"line":43,"column":28},"end":{"line":51,"column":9}},"18":{"start":{"line":53,"column":6},"end":{"line":53,"column":25}},"19":{"start":{"line":55,"column":6},"end":{"line":55,"column":60}},"20":{"start":{"line":57,"column":6},"end":{"line":57,"column":24}},"21":{"start":{"line":61,"column":25},"end":{"line":72,"column":3}},"22":{"start":{"line":62,"column":4},"end":{"line":71,"column":5}},"23":{"start":{"line":63,"column":20},"end":{"line":63,"column":47}},"24":{"start":{"line":64,"column":27},"end":{"line":64,"column":49}},"25":{"start":{"line":65,"column":6},"end":{"line":65,"column":30}},"26":{"start":{"line":66,"column":6},"end":{"line":66,"column":32}},"27":{"start":{"line":68,"column":6},"end":{"line":68,"column":56}},"28":{"start":{"line":70,"column":6},"end":{"line":70,"column":24}},"29":{"start":{"line":74,"column":2},"end":{"line":92,"column":46}},"30":{"start":{"line":75,"column":4},"end":{"line":91,"column":5}},"31":{"start":{"line":76,"column":6},"end":{"line":76,"column":54}},"32":{"start":{"line":76,"column":28},"end":{"line":76,"column":54}},"33":{"start":{"line":78,"column":24},"end":{"line":88,"column":7}},"34":{"start":{"line":79,"column":8},"end":{"line":87,"column":9}},"35":{"start":{"line":80,"column":10},"end":{"line":80,"column":27}},"36":{"start":{"line":81,"column":10},"end":{"line":82,"column":37}},"37":{"start":{"line":81,"column":23},"end":{"line":81,"column":46}},"38":{"start":{"line":82,"column":15},"end":{"line":82,"column":37}},"39":{"start":{"line":84,"column":10},"end":{"line":84,"column":55}},"40":{"start":{"line":86,"column":10},"end":{"line":86,"column":28}},"41":{"start":{"line":90,"column":6},"end":{"line":90,"column":18}},"42":{"start":{"line":94,"column":2},"end":{"line":101,"column":6}},"43":{"start":{"line":95,"column":4},"end":{"line":101,"column":6}},"44":{"start":{"line":103,"column":2},"end":{"line":247,"column":4}},"45":{"start":{"line":128,"column":49},"end":{"line":128,"column":103}},"46":{"start":{"line":134,"column":53},"end":{"line":134,"column":64}},"47":{"start":{"line":164,"column":20},"end":{"line":181,"column":26}},"48":{"start":{"line":223,"column":20},"end":{"line":238,"column":26}}},"fnMap":{"0":{"name":"(anonymous_0)","decl":{"start":{"line":15,"column":13},"end":{"line":15,"column":14}},"loc":{"start":{"line":16,"column":2},"end":{"line":18,"column":8}},"line":16},"1":{"name":"(anonymous_1)","decl":{"start":{"line":20,"column":20},"end":{"line":20,"column":21}},"loc":{"start":{"line":21,"column":2},"end":{"line":21,"column":54}},"line":21},"2":{"name":"Dashboard","decl":{"start":{"line":24,"column":24},"end":{"line":24,"column":33}},"loc":{"start":{"line":24,"column":36},"end":{"line":248,"column":1}},"line":24},"3":{"name":"(anonymous_3)","decl":{"start":{"line":38,"column":24},"end":{"line":38,"column":25}},"loc":{"start":{"line":38,"column":36},"end":{"line":59,"column":3}},"line":38},"4":{"name":"(anonymous_4)","decl":{"start":{"line":43,"column":18},"end":{"line":43,"column":19}},"loc":{"start":{"line":43,"column":28},"end":{"line":51,"column":9}},"line":43},"5":{"name":"(anonymous_5)","decl":{"start":{"line":61,"column":25},"end":{"line":61,"column":26}},"loc":{"start":{"line":61,"column":37},"end":{"line":72,"column":3}},"line":61},"6":{"name":"(anonymous_6)","decl":{"start":{"line":74,"column":12},"end":{"line":74,"column":13}},"loc":{"start":{"line":74,"column":18},"end":{"line":92,"column":3}},"line":74},"7":{"name":"(anonymous_7)","decl":{"start":{"line":78,"column":24},"end":{"line":78,"column":25}},"loc":{"start":{"line":78,"column":36},"end":{"line":88,"column":7}},"line":78},"8":{"name":"(anonymous_8)","decl":{"start":{"line":128,"column":31},"end":{"line":128,"column":32}},"loc":{"start":{"line":128,"column":49},"end":{"line":128,"column":103}},"line":128},"9":{"name":"(anonymous_9)","decl":{"start":{"line":134,"column":42},"end":{"line":134,"column":43}},"loc":{"start":{"line":134,"column":53},"end":{"line":134,"column":64}},"line":134},"10":{"name":"(anonymous_10)","decl":{"start":{"line":163,"column":33},"end":{"line":163,"column":34}},"loc":{"start":{"line":164,"column":20},"end":{"line":181,"column":26}},"line":164},"11":{"name":"(anonymous_11)","decl":{"start":{"line":222,"column":32},"end":{"line":222,"column":33}},"loc":{"start":{"line":223,"column":20},"end":{"line":238,"column":26}},"line":223}},"branchMap":{"0":{"loc":{"start":{"line":15,"column":26},"end":{"line":15,"column":40}},"type":"default-arg","locations":[{"start":{"line":15,"column":38},"end":{"line":15,"column":40}}],"line":15},"1":{"loc":{"start":{"line":20,"column":33},"end":{"line":20,"column":47}},"type":"default-arg","locations":[{"start":{"line":20,"column":45},"end":{"line":20,"column":47}}],"line":20},"2":{"loc":{"start":{"line":75,"column":4},"end":{"line":91,"column":5}},"type":"if","locations":[{"start":{"line":75,"column":4},"end":{"line":91,"column":5}},{"start":{},"end":{}}],"line":75},"3":{"loc":{"start":{"line":76,"column":6},"end":{"line":76,"column":54}},"type":"if","locations":[{"start":{"line":76,"column":6},"end":{"line":76,"column":54}},{"start":{},"end":{}}],"line":76},"4":{"loc":{"start":{"line":81,"column":10},"end":{"line":82,"column":37}},"type":"if","locations":[{"start":{"line":81,"column":10},"end":{"line":82,"column":37}},{"start":{"line":82,"column":15},"end":{"line":82,"column":37}}],"line":81},"5":{"loc":{"start":{"line":94,"column":2},"end":{"line":101,"column":6}},"type":"if","locations":[{"start":{"line":94,"column":2},"end":{"line":101,"column":6}},{"start":{},"end":{}}],"line":94},"6":{"loc":{"start":{"line":106,"column":9},"end":{"line":244,"column":9}},"type":"cond-expr","locations":[{"start":{"line":107,"column":10},"end":{"line":186,"column":13}},{"start":{"line":188,"column":10},"end":{"line":243,"column":13}}],"line":106},"7":{"loc":{"start":{"line":120,"column":48},"end":{"line":120,"column":82}},"type":"binary-expr","locations":[{"start":{"line":120,"column":48},"end":{"line":120,"column":77}},{"start":{"line":120,"column":81},"end":{"line":120,"column":82}}],"line":120},"8":{"loc":{"start":{"line":121,"column":53},"end":{"line":121,"column":92}},"type":"binary-expr","locations":[{"start":{"line":121,"column":53},"end":{"line":121,"column":87}},{"start":{"line":121,"column":91},"end":{"line":121,"column":92}}],"line":121},"9":{"loc":{"start":{"line":122,"column":49},"end":{"line":122,"column":84}},"type":"binary-expr","locations":[{"start":{"line":122,"column":49},"end":{"line":122,"column":79}},{"start":{"line":122,"column":83},"end":{"line":122,"column":84}}],"line":122},"10":{"loc":{"start":{"line":128,"column":49},"end":{"line":128,"column":103}},"type":"cond-expr","locations":[{"start":{"line":128,"column":65},"end":{"line":128,"column":69}},{"start":{"line":128,"column":72},"end":{"line":128,"column":103}}],"line":128},"11":{"loc":{"start":{"line":148,"column":37},"end":{"line":148,"column":108}},"type":"cond-expr","locations":[{"start":{"line":148,"column":75},"end":{"line":148,"column":89}},{"start":{"line":148,"column":92},"end":{"line":148,"column":108}}],"line":148},"12":{"loc":{"start":{"line":149,"column":21},"end":{"line":149,"column":96}},"type":"cond-expr","locations":[{"start":{"line":149,"column":59},"end":{"line":149,"column":78}},{"start":{"line":149,"column":81},"end":{"line":149,"column":96}}],"line":149},"13":{"loc":{"start":{"line":170,"column":28},"end":{"line":172,"column":53}},"type":"cond-expr","locations":[{"start":{"line":170,"column":55},"end":{"line":170,"column":84}},{"start":{"line":171,"column":28},"end":{"line":172,"column":53}}],"line":170},"14":{"loc":{"start":{"line":171,"column":28},"end":{"line":172,"column":53}},"type":"cond-expr","locations":[{"start":{"line":171,"column":60},"end":{"line":171,"column":91}},{"start":{"line":172,"column":28},"end":{"line":172,"column":53}}],"line":171},"15":{"loc":{"start":{"line":180,"column":56},"end":{"line":180,"column":130}},"type":"cond-expr","locations":[{"start":{"line":180,"column":76},"end":{"line":180,"column":124}},{"start":{"line":180,"column":127},"end":{"line":180,"column":130}}],"line":180},"16":{"loc":{"start":{"line":229,"column":28},"end":{"line":231,"column":53}},"type":"cond-expr","locations":[{"start":{"line":229,"column":56},"end":{"line":229,"column":85}},{"start":{"line":230,"column":28},"end":{"line":231,"column":53}}],"line":229},"17":{"loc":{"start":{"line":230,"column":28},"end":{"line":231,"column":53}},"type":"cond-expr","locations":[{"start":{"line":230,"column":61},"end":{"line":230,"column":92}},{"start":{"line":231,"column":28},"end":{"line":231,"column":53}}],"line":230}},"s":{"0":1,"1":3,"2":1,"3":3,"4":2,"5":2,"6":2,"7":2,"8":2,"9":2,"10":2,"11":2,"12":2,"13":1,"14":1,"15":1,"16":1,"17":2,"18":1,"19":0,"20":1,"21":2,"22":0,"23":0,"24":0,"25":0,"26":0,"27":0,"28":0,"29":2,"30":1,"31":1,"32":0,"33":1,"34":1,"35":1,"36":1,"37":0,"38":1,"39":0,"40":1,"41":1,"42":2,"43":1,"44":1,"45":0,"46":0,"47":2,"48":0},"f":{"0":3,"1":3,"2":2,"3":1,"4":2,"5":0,"6":1,"7":1,"8":0,"9":0,"10":2,"11":0},"b":{"0":[0],"1":[2],"2":[1,0],"3":[0,1],"4":[0,1],"5":[1,1],"6":[1,0],"7":[1,0],"8":[1,0],"9":[1,1],"10":[0,0],"11":[0,1],"12":[0,1],"13":[1,1],"14":[1,0],"15":[2,0],"16":[0,0],"17":[0,0]},"_coverageSchema":"1a1c01bbd47fc00a2c39e90264f33305004495a9","hash":"f638343c07d9efd7943550003ca70b01f9fa84e9"}
[...]
e":99,"column":62}},"line":99},"9":{"name":"(anonymous_9)","decl":{"start":{"line":133,"column":41},"end":{"line":133,"column":42}},"loc":{"start":{"line":134,"column":18},"end":{"line":139,"column":23}},"line":134}},"branchMap":{"0":{"loc":{"start":{"line":20,"column":4},"end":{"line":20,"column":64}},"type":"if","locations":[{"start":{"line":20,"column":4},"end":{"line":20,"column":64}},{"start":{},"end":{}}],"line":20},"1":{"loc":{"start":{"line":20,"column":30},"end":{"line":20,"column":62}},"type":"binary-expr","locations":[{"start":{"line":20,"column":30},"end":{"line":20,"column":48}},{"start":{"line":20,"column":52},"end":{"line":20,"column":62}}],"line":20},"2":{"loc":{"start":{"line":29,"column":21},"end":{"line":29,"column":31}},"type":"binary-expr","locations":[{"start":{"line":29,"column":21},"end":{"line":29,"column":25}},{"start":{"line":29,"column":29},"end":{"line":29,"column":31}}],"line":29},"3":{"loc":{"start":{"line":37,"column":4},"end":{"line":37,"column":35}},"type":"if","locations":[{"start":{"line":37,"column":4},"end":{"line":37,"column":35}},{"start":{},"end":{}}],"line":37},"4":{"loc":{"start":{"line":42,"column":4},"end":{"line":48,"column":5}},"type":"if","locations":[{"start":{"line":42,"column":4},"end":{"line":48,"column":5}},{"start":{},"end":{}}],"line":42},"5":{"loc":{"start":{"line":42,"column":8},"end":{"line":42,"column":40}},"type":"binary-expr","locations":[{"start":{"line":42,"column":8},"end":{"line":42,"column":16}},{"start":{"line":42,"column":20},"end":{"line":42,"column":40}}],"line":42},"6":{"loc":{"start":{"line":52,"column":4},"end":{"line":52,"column":22}},"type":"if","locations":[{"start":{"line":52,"column":4},"end":{"line":52,"column":22}},{"start":{},"end":{}}],"line":52},"7":{"loc":{"start":{"line":60,"column":12},"end":{"line":60,"column":69}},"type":"binary-expr","locations":[{"start":{"line":60,"column":12},"end":{"line":60,"column":39}},{"start":{"line":60,"column":43},"end":{"line":60,"column":69}}],"line":60},"8":{"loc":{"start":{"line":66,"column":2},"end":{"line":72,"column":3}},"type":"if","locations":[{"start":{"line":66,"column":2},"end":{"line":72,"column":3}},{"start":{},"end":{}}],"line":66},"9":{"loc":{"start":{"line":91,"column":9},"end":{"line":117,"column":9}},"type":"binary-expr","locations":[{"start":{"line":91,"column":9},"end":{"line":91,"column":17}},{"start":{"line":92,"column":10},"end":{"line":116,"column":16}}],"line":91},"10":{"loc":{"start":{"line":109,"column":16},"end":{"line":111,"column":110}},"type":"cond-expr","locations":[{"start":{"line":110,"column":20},"end":{"line":110,"column":52}},{"start":{"line":111,"column":20},"end":{"line":111,"column":110}}],"line":109},"11":{"loc":{"start":{"line":114,"column":15},"end":{"line":114,"column":53}},"type":"cond-expr","locations":[{"start":{"line":114,"column":25},"end":{"line":114,"column":36}},{"start":{"line":114,"column":39},"end":{"line":114,"column":53}}],"line":114},"12":{"loc":{"start":{"line":120,"column":9},"end":{"line":144,"column":9}},"type":"binary-expr","locations":[{"start":{"line":120,"column":9},"end":{"line":120,"column":17}},{"start":{"line":121,"column":10},"end":{"line":143,"column":16}}],"line":120},"13":{"loc":{"start":{"line":125,"column":13},"end":{"line":142,"column":13}},"type":"cond-expr","locations":[{"start":{"line":126,"column":14},"end":{"line":126,"column":73}},{"start":{"line":127,"column":16},"end":{"line":142,"column":13}}],"line":125},"14":{"loc":{"start":{"line":127,"column":16},"end":{"line":142,"column":13}},"type":"cond-expr","locations":[{"start":{"line":128,"column":14},"end":{"line":130,"column":18}},{"start":{"line":132,"column":14},"end":{"line":141,"column":19}}],"line":127}},"s":{"0":0,"1":0,"2":0,"3":0,"4":0,"5":0,"6":0,"7":0,"8":0,"9":0,"10":0,"11":0,"12":0,"13":0,"14":0,"15":0,"16":0,"17":0,"18":0,"19":0,"20":0,"21":0,"22":0,"23":0,"24":0,"25":0,"26":0,"27":0,"28":0,"29":0,"30":0,"31":0,"32":0,"33":0,"34":0,"35":0,"36":0,"37":0,"38":0,"39":0,"40":0,"41":0},"f":{"0":0,"1":0,"2":0,"3":0,"4":0,"5":0,"6":0,"7":0,"8":0,"9":0},"b":{"0":[0,0],"1":[0,0],"2":[0,0],"3":[0,0],"4":[0,0],"5":[0,0],"6":[0,0],"7":[0,0],"8":[0,0],"9":[0,0],"10":[0,0],"11":[0,0],"12":[0,0],"13":[0,0],"14":[0,0]},"_coverageSchema":"1a1c01bbd47fc00a2c39e90264f33305004495a9","hash":"e840ecda471e41adfea3f01a2a6abb15956f0558"}
,"D:\\Grip Invest\\mini-investment-platform\\frontend\\src\\pages\\ResetPasswordPage.jsx": {"path":"D:\\Grip Invest\\mini-investment-platform\\frontend\\src\\pages\\ResetPasswordPage.jsx","statementMap":{"0":{"start":{"line":7,"column":25},"end":{"line":7,"column":42}},"1":{"start":{"line":8,"column":19},"end":{"line":8,"column":32}},"2":{"start":{"line":10,"column":16},"end":{"line":10,"column":47}},"3":{"start":{"line":11,"column":16},"end":{"line":11,"column":47}},"4":{"start":{"line":13,"column":32},"end":{"line":13,"column":44}},"5":{"start":{"line":14,"column":32},"end":{"line":14,"column":44}},"6":{"start":{"line":15,"column":24},"end":{"line":15,"column":36}},"7":{"start":{"line":18,"column":4},"end":{"line":18,"column":23}},"8":{"start":{"line":19,"column":4},"end":{"line":19,"column":96}},"9":{"start":{"line":19,"column":40},"end":{"line":19,"column":96}},"10":{"start":{"line":20,"column":4},"end":{"line":20,"column":69}},"11":{"start":{"line":20,"column":29},"end":{"line":20,"column":69}},"12":{"start":{"line":22,"column":4},"end":{"line":28,"column":5}},"13":{"start":{"line":23,"column":6},"end":{"line":23,"column":70}},"14":{"start":{"line":24,"column":6},"end":{"line":24,"column":67}},"15":{"start":{"line":25,"column":6},"end":{"line":25,"column":49}},"16":{"start":{"line":25,"column":23},"end":{"line":25,"column":41}},"17":{"start":{"line":27,"column":6},"end":{"line":27,"column":70}},"18":{"start":{"line":31,"column":2},"end":{"line":70,"column":4}},"19":{"start":{"line":44,"column":29},"end":{"line":44,"column":55}},"20":{"start":{"line":53,"column":29},"end":{"line":53,"column":55}}},"fnMap":{"0":{"name":"ResetPasswordPage","decl":{"start":{"line":6,"column":24},"end":{"line":6,"column":41}},"loc":{"start":{"line":6,"column":44},"end":{"line":71,"column":1}},"line":6},"1":{"name":"handleReset","decl":{"start":{"line":17,"column":17},"end":{"line":17,"column":28}},"loc":{"start":{"line":17,"column":32},"end":{"line":29,"column":3}},"line":17},"2":{"name":"(anonymous_2)","decl":{"start":{"line":25,"column":17},"end":{"line":25,"column":18}},"loc":{"start":{"line":25,"column":23},"end":{"line":25,"column":41}},"line":25},"3":{"name":"(anonymous_3)","decl":{"start":{"line":44,"column":22},"end":{"line":44,"column":23}},"loc":{"start":{"line":44,"column":29},"end":{"line":44,"column":55}},"line":44},"4":{"name":"(anonymous_4)","decl":{"start":{"line":53,"column":22},"end":{"line":53,"column":23}},"loc":{"start":{"line":53,"column":29},"end":{"line":53,"column":55}},"line":53}},"branchMap":{"0":{"loc":{"start":{"line":10,"column":16},"end":{"line":10,"column":47}},"type":"binary-expr","locations":[{"start":{"line":10,"column":16},"end":{"line":10,"column":41}},{"start":{"line":10,"column":45},"end":{"line":10,"column":47}}],"line":10},"1":{"loc":{"start":{"line":11,"column":16},"end":{"line":11,"column":47}},"type":"binary-expr","locations":[{"start":{"line":11,"column":16},"end":{"line":11,"column":41}},{"start":{"line":11,"column":45},"end":{"line":11,"column":47}}],"line":11},"2":{"loc":{"start":{"line":19,"column":4},"end":{"line":19,"column":96}},"type":"if","locations":[{"start":{"line":19,"column":4},"end":{"line":19,"column":96}},{"start":{},"end":{}}],"line":19},"3":{"loc":{"start":{"line":19,"column":8},"end":{"line":19,"column":38}},"type":"binary-expr","locations":[{"start":{"line":19,"column":8},"end":{"line":19,"column":16}},{"start":{"line":19,"column":20},"end":{"line":19,"column":38}}],"line":19},"4":{"loc":{"start":{"line":20,"column":4},"end":{"line":20,"column":69}},"type":"if","locations":[{"start":{"line":20,"column":4},"end":{"line":20,"column":69}},{"start":{},"end":{}}],"line":20},"5":{"loc":{"start":{"line":27,"column":13},"end":{"line":27,"column":68}},"type":"binary-expr","locations":[{"start":{"line":27,"column":13},"end":{"line":27,"column":41}},{"start":{"line":27,"column":45},"end":{"line":27,"column":68}}],"line":27},"6":{"loc":{"start":{"line":67,"column":9},"end":{"line":67,"column":79}},"type":"binary-expr","locations":[{"start":{"line":67,"column":9},"end":{"line":67,"column":12}},{"start":{"line":67,"column":16},"end":{"line":67,"column":79}}],"line":67}},"s":{"0":0,"1":0,"2":0,"3":0,"4":0,"5":0,"6":0,"7":0,"8":0,"9":0,"10":0,"11":0,"12":0,"13":0,"14":0,"15":0,"16":0,"17":0,"18":0,"19":0,"20":0},"f":{"0":0,"1":0,"2":0,"3":0,"4":0},"b":{"0":[0,0],"1":[0,0],"2":[0,0],"3":[0,0],"4":[0,0],"5":[0,0],"6":[0,0]}}
,"D:\\Grip Invest\\mini-investment-platform\\frontend\\src\\pages\\Signup.jsx": {"path":"D:\\Grip Invest\\mini-investment-platform\\frontend\\src\\pages\\Signup.jsx","statementMap":{"0":{"start":{"line":11,"column":21},"end":{"line":27,"column":2}},"1":{"start":{"line":30,"column":19},"end":{"line":30,"column":32}},"2":{"start":{"line":31,"column":21},"end":{"line":31,"column":30}},"3":{"start":{"line":32,"column":56},"end":{"line":32,"column":68}},"4":{"start":{"line":39,"column":6},"end":{"line":39,"column":54}},"5":{"start":{"line":42,"column":24},"end":{"line":42,"column":41}},"6":{"start":{"line":43,"column":25},"end":{"line":43,"column":43}},"7":{"start":{"line":44,"column":24},"end":{"line":44,"column":41}},"8":{"start":{"line":45,"column":21},"end":{"line":45,"column":35}},"9":{"start":{"line":48,"column":2},"end":{"line":71,"column":65}},"10":{"start":{"line":49,"column":26},"end":{"line":67,"column":5}},"11":{"start":{"line":50,"column":6},"end":{"line":53,"column":7}},"12":{"start":{"line":51,"column":8},"end":{"line":51,"column":35}},"13":{"start":{"line":52,"column":8},"end":{"line":52,"column":15}},"14":{"start":{"line":55,"column":6},"end":{"line":66,"column":7}},"15":{"start":{"line":56,"column":20},"end":{"line":61,"column":10}},"16":{"start":{"line":62,"column":8},"end":{"line":62,"column":59}},"17":{"start":{"line":64,"column":8},"end":{"line":64,"column":62}},"18":{"start":{"line":65,"column":8},"end":{"line":65,"column":35}},"19":{"start":{"line":69,"column":21},"end":{"line":69,"column":51}},"20":{"start":{"line":70,"column":4},"end":{"line":70,"column":40}},"21":{"start":{"line":70,"column":17},"end":{"line":70,"column":39}},"22":{"start":{"line":73,"column":19},"end":{"line":89,"column":3}},"23":{"start":{"line":74,"column":4},"end":{"line":88,"column":5}},"24":{"start":{"line":75,"column":6},"end":{"line":81,"column":9}},"25":{"start":{"line":82,"column":6},"end":{"line":82,"column":29}},"26":{"start":{"line":84,"column":6},"end":{"line":84,"column":59}},"27":{"start":{"line":85,"column":6},"end":{"line":87,"column":7}},"28":{"start":{"line":86,"column":8},"end":{"line":86,"column":60}},"29":{"start":{"line":91,"column":2},"end":{"line":181,"column":4}},"30":{"start":{"line":172,"column":29},"end":{"line":172,"column":47}}},"fnMap":{"0":{"name":"Signup","decl":{"start":{"line":29,"column":24},"end":{"line":29,"column":30}},"loc":{"start":{"line":29,"column":33},"end":{"line":182,"column":1}},"line":29},"1":{"name":"(anonymous_1)","decl":{"start":{"line":48,"column":12},"end":{"line":48,"column":13}},"loc":{"start":{"line":48,"column":18},"end":{"line":71,"column":3}},"line":48},"2":{"name":"(anonymous_2)","decl":{"start":{"line":49,"column":26},"end":{"line":49,"column":27}},"loc":{"start":{"line":49,"column":38},"end":{"line":67,"column":5}},"line":49},"3":{"name":"(anonymous_3)","decl":{"start":{"line":70,"column":11},"end":{"line":70,"column":12}},"loc":{"start":{"line":70,"column":17},"end":{"line":70,"column":39}},"line":70},"4":{"name":"(anonymous_4)","decl":{"start":{"line":73,"column":19},"end":{"line":73,"column":20}},"loc":{"start":{"line":73,"column":35},"end":{"line":89,"column":3}},"line":73},"5":{"name":"(anonymous_5)","decl":{"start":{"line":172,"column":23},"end":{"line":172,"column":24}},"loc":{"start":{"line":172,"column":29},"end":{"line":172,"column":47}},"line":172}},"branchMap":{"0":{"loc":{"start":{"line":50,"column":6},"end":{"line":53,"column":7}},"type":"if","locations":[{"start":{"line":50,"column":6},"end":{"line":53,"column":7}},{"start":{},"end":{}}],"line":50},"1":{"loc":{"start":{"line":58,"column":21},"end":{"line":58,"column":41}},"type":"binary-expr","locations":[{"start":{"line":58,"column":21},"end":{"line":58,"column":35}},{"start":{"line":58,"column":39},"end":{"line":58,"column":41}}],"line":58},"2":{"loc":{"start":{"line":59,"column":20},"end":{"line":59,"column":39}},"type":"binary-expr","locations":[{"start":{"line":59,"column":20},"end":{"line":59,"column":33}},{"start":{"line":59,"column":37},"end":{"line":59,"column":39}}],"line":59},"3":{"loc":{"start":{"line":60,"column":17},"end":{"line":60,"column":33}},"type":"binary-expr","locations":[{"start":{"line":60,"column":17},"end":{"line":60,"column":27}},{"start":{"line":60,"column":31},"end":{"line":60,"column":33}}],"line":60},"4":{"loc":{"start":{"line":62,"column":31},"end":{"line":62,"column":57}},"type":"binary-expr","locations":[{"start":{"line":62,"column":31},"end":{"line":62,"column":51}},{"start":{"line":62,"column":55},"end":{"line":62,"column":57}}],"line":62},"5":{"loc":{"start":{"line":80,"column":23},"end":{"line":80,"column":54}},"type":"binary-expr","locations":[{"start":{"line":80,"column":23},"end":{"line":80,"column":40}},{"start":{"line":80,"column":44},"end":{"line":80,"column":54}}],"line":80},"6":{"loc":{"start":{"line":84,"column":12},"end":{"line":84,"column":57}},"type":"binary-expr","locations":[{"start":{"line":84,"column":12},"end":{"line":84,"column":38}},{"start":{"line":84,"column":42},"end":{"line":84,"column":57}}],"line":84},"7":{"loc":{"start":{"line":85,"column":6},"end":{"line":87,"column":7}},"type":"if","locations":[{"start":{"line":85,"column":6},"end":{"line":87,"column":7}},{"start":{},"end":{}}],"line":85}},"s":{"0":1,"1":0,"2":0,"3":0,"4":0,"5":0,"6":0,"7":0,"8":0,"9":0,"10":0,"11":0,"12":0,"13":0,"14":0,"15":0,"16":0,"17":0,"18":0,"19":0,"20":0,"21":0,"22":0,"23":0,"24":0,"25":0,"26":0,"27":0,"28":0,"29":0,"30":0},"f":{"0":0,"1":0,"2":0,"3":0,"4":0,"5":0},"b":{"0":[0,0],"1":[0,0],"2":[0,0],"3":[0,0],"4":[0,0],"5":[0,0],"6":[0,0],"7":[0,0]},"_coverageSchema":"1a1c01bbd47fc00a2c39e90264f33305004495a9","hash":"440d6f11b4155cf81ce7c9f1165dddd507e920d7"}
,"D:\\Grip Invest\\mini-investment-platform\\frontend\\src\\utils\\jwtHelper.js": {"path":"D:\\Grip Invest\\mini-investment-platform\\frontend\\src\\utils\\jwtHelper.js","statementMap":{"0":{"start":{"line":4,"column":18},"end":{"line":4,"column":25}},"1":{"start":{"line":7,"column":2},"end":{"line":7,"column":41}},"2":{"start":{"line":10,"column":2},"end":{"line":10,"column":41}},"3":{"start":{"line":13,"column":2},"end":{"line":13,"column":37}},"4":{"start":{"line":16,"column":2},"end":{"line":20,"column":3}},"5":{"start":{"line":17,"column":4},"end":{"line":17,"column":28}},"6":{"start":{"line":19,"column":4},"end":{"line":19,"column":16}},"7":{"start":{"line":23,"column":2},"end":{"line":30,"column":3}},"8":{"start":{"line":24,"column":20},"end":{"line":24,"column":36}},"9":{"start":{"line":25,"column":4},"end":{"line":25,"column":26}},"10":{"start":{"line":25,"column":14},"end":{"line":25,"column":26}},"11":{"start":{"line":26,"column":16},"end":{"line":26,"column":45}},"12":{"start":{"line":27,"column":4},"end":{"line":27,"column":21}},"13":{"start":{"line":29,"column":4},"end":{"line":29,"column":16}},"14":{"start":{"line":33,"column":12},"end":{"line":33,"column":22}},"15":{"start":{"line":34,"column":2},"end":{"line":34,"column":51}}},"fnMap":{"0":{"name":"setToken","decl":{"start":{"line":6,"column":16},"end":{"line":6,"column":24}},"loc":{"start":{"line":6,"column":32},"end":{"line":8,"column":1}},"line":6},"1":{"name":"getToken","decl":{"start":{"line":9,"column":16},"end":{"line":9,"column":24}},"loc":{"start":{"line":9,"column":27},"end":{"line":11,"column":1}},"line":9},"2":{"name":"removeToken","decl":{"start":{"line":12,"column":16},"end":{"line":12,"column":27}},"loc":{"start":{"line":12,"column":30},"end":{"line":14,"column":1}},"line":12},"3":{"name":"decodeToken","decl":{"start":{"line":15,"column":16},"end":{"line":15,"column":27}},"loc":{"start":{"line":15,"column":35},"end":{"line":21,"column":1}},"line":15},"4":{"name":"isTokenExpired","decl":{"start":{"line":22,"column":16},"end":{"line":22,"column":30}},"loc":{"start":{"line":22,"column":38},"end":{"line":31,"column":1}},"line":22},"5":{"name":"getAuthHeader","decl":{"start":{"line":32,"column":16},"end":{"line":32,"column":29}},"loc":{"start":{"line":32,"column":32},"end":{"line":35,"column":1}},"line":32}},"branchMap":{"0":{"loc":{"start":{"line":25,"column":4},"end":{"line":25,"column":26}},"type":"if","locations":[{"start":{"line":25,"column":4},"end":{"line":25,"column":26}},{"start":{},"end":{}}],"line":25},"1":{"loc":{"start":{"line":34,"column":9},"end":{"line":34,"column":50}},"type":"cond-expr","locations":[{"start":{"line":34,"column":13},"end":{"line":34,"column":45}},{"start":{"line":34,"column":48},"end":{"line":34,"column":50}}],"line":34}},"s":{"0":4,"1":0,"2":0,"3":0,"4":0,"5":0,"6":0,"7":0,"8":0,"9":0,"10":0,"11":0,"12":0,"13":0,"14":0,"15":0},"f":{"0":0,"1":0,"2":0,"3":0,"4":0,"5":0},"b":{"0":[0,0],"1":[0,0]},"_coverageSchema":"1a1c01bbd47fc00a2c39e90264f33305004495a9","hash":"12abe79e90c6816a2a2bb210c89ae92efb11f69b"}
,"D:\\Grip Invest\\mini-investment-platform\\frontend\\src\\utils\\passwordStrength.js": {"path":"D:\\Grip Invest\\mini-investment-platform\\frontend\\src\\utils\\passwordStrength.js","statementMap":{"0":{"start":{"line":2,"column":22},"end":{"line":2,"column":24}},"1":{"start":{"line":4,"column":2},"end":{"line":4,"column":86}},"2":{"start":{"line":4,"column":31},"end":{"line":4,"column":86}},"3":{"start":{"line":5,"column":2},"end":{"line":5,"column":86}},"4":{"start":{"line":5,"column":31},"end":{"line":5,"column":86}},"5":{"start":{"line":6,"column":2},"end":{"line":6,"column":76}},"6":{"start":{"line":6,"column":31},"end":{"line":6,"column":76}},"7":{"start":{"line":7,"column":2},"end":{"line":7,"column":87}},"8":{"start":{"line":7,"column":31},"end":{"line":7,"column":87}},"9":{"start":{"line":8,"column":2},"end":{"line":8,"column":92}},"10":{"start":{"line":8,"column":27},"end":{"line":8,"column":92}},"11":{"start":{"line":10,"column":2},"end":{"line":10,"column":21}}},"fnMap":{"0":{"name":"checkPasswordStrength","decl":{"start":{"line":1,"column":16},"end":{"line":1,"column":37}},"loc":{"start":{"line":1,"column":48},"end":{"line":11,"column":1}},"line":1}},"branchMap":{"0":{"loc":{"start":{"line":4,"column":2},"end":{"line":4,"column":86}},"type":"if","locations":[{"start":{"line":4,"column":2},"end":{"line":4,"column":86}},{"start":{},"end":{}}],"line":4},"1":{"loc":{"start":{"line":5,"column":2},"end":{"line":5,"column":86}},"type":"if","locations":[{"start":{"line":5,"column":2},"end":{"line":5,"column":86}},{"start":{},"end":{}}],"line":5},"2":{"loc":{"start":{"line":6,"column":2},"end":{"line":6,"column":76}},"type":"if","locations":[{"start":{"line":6,"column":2},"end":{"line":6,"column":76}},{"start":{},"end":{}}],"line":6},"3":{"loc":{"start":{"line":7,"column":2},"end":{"line":7,"column":87}},"type":"if","locations":[{"start":{"line":7,"column":2},"end":{"line":7,"column":87}},{"start":{},"end":{}}],"line":7},"4":{"loc":{"start":{"line":8,"column":2},"end":{"line":8,"column":92}},"type":"if","locations":[{"start":{"line":8,"column":2},"end":{"line":8,"column":92}},{"start":{},"end":{}}],"line":8}},"s":{"0":0,"1":0,"2":0,"3":0,"4":0,"5":0,"6":0,"7":0,"8":0,"9":0,"10":0,"11":0},"f":{"0":0},"b":{"0":[0,0],"1":[0,0],"2":[0,0],"3":[0,0],"4":[0,0]},"_coverageSchema":"1a1c01bbd47fc00a2c39e90264f33305004495a9","hash":"6cd07a4cb73816cd19802867f314a320beff4ba1"}
}
