TN:
SF:src\App.jsx
FN:16,App
FNF:1
FNH:0
FNDA:0,App
DA:17,0
LF:1
LH:0
BRF:0
BRH:0
end_of_record
TN:
SF:src\main.jsx
FNF:0
FNH:0
DA:8,0
LF:1
LH:0
BRF:0
BRH:0
end_of_record
TN:
SF:src\api\api.js
FNF:0
FNH:0
LF:0
LH:0
BRF:0
BRH:0
end_of_record
TN:
SF:src\api\auth.js
FN:4,apiSignup
FN:10,apiLogin
FN:17,apiMe
FNF:3
FNH:0
FNDA:0,apiSignup
FNDA:0,apiLogin
FNDA:0,apiMe
DA:6,0
DA:7,0
DA:12,0
DA:13,0
DA:14,0
DA:18,0
DA:19,0
LF:7
LH:0
BRF:0
BRH:0
end_of_record
TN:
SF:src\api\authReset.js
FN:4,apiRequestPasswordReset
FN:9,apiResetPassword
FNF:2
FNH:0
FNDA:0,apiRequestPasswordReset
FNDA:0,apiResetPassword
DA:5,0
DA:10,0
DA:11,0
DA:12,0
DA:14,0
DA:15,0
LF:6
LH:0
BRDA:14,0,0,0
BRDA:14,0,1,0
BRF:2
BRH:0
end_of_record
TN:
SF:src\api\client.js
FN:9,(anonymous_0)
FNF:1
FNH:0
FNDA:0,(anonymous_0)
DA:3,4
DA:9,4
DA:10,0
DA:13,0
DA:14,0
DA:18,0
DA:19,0
DA:22,0
LF:8
LH:2
BRDA:4,0,0,4
BRDA:4,0,1,0
BRDA:4,1,0,4
BRDA:4,1,1,0
BRDA:13,2,0,0
BRDA:13,2,1,0
BRDA:18,3,0,0
BRDA:18,3,1,0
BRF:8
BRH:2
end_of_record
TN:
SF:src\api\investments.js
FN:5,apiGetInvestments
FN:17,apiInvest
FN:23,apiGetPortfolio
FN:37,apiGetPortfolioInsights
FN:48,apiGetPlatformStats
FNF:5
FNH:0
FNDA:0,apiGetInvestments
FNDA:0,apiInvest
FNDA:0,apiGetPortfolio
FNDA:0,apiGetPortfolioInsights
FNDA:0,apiGetPlatformStats
DA:6,0
DA:7,0
DA:8,0
DA:10,0
DA:11,0
DA:18,0
DA:19,0
DA:24,0
DA:25,0
DA:28,0
DA:30,0
DA:31,0
DA:38,0
DA:39,0
DA:40,0
DA:42,0
DA:43,0
DA:49,0
DA:50,0
LF:19
LH:0
BRDA:8,0,0,0
BRDA:8,0,1,0
BRDA:28,1,0,0
BRDA:28,1,1,0
BRF:4
BRH:0
end_of_record
TN:
SF:src\api\products.js
FN:4,apiGetProducts
FN:9,apiCreateProduct
FN:16,apiUpdateProduct
FN:22,apiDeleteProduct
FN:28,apiGenerateProductDescription
FN:34,apiGetRecommendedProducts
FNF:6
FNH:0
FNDA:0,apiGetProducts
FNDA:0,apiCreateProduct
FNDA:0,apiUpdateProduct
FNDA:0,apiDeleteProduct
FNDA:0,apiGenerateProductDescription
FNDA:0,apiGetRecommendedProducts
DA:5,0
DA:6,0
DA:11,0
DA:12,0
DA:17,0
DA:18,0
DA:23,0
DA:24,0
DA:29,0
DA:30,0
DA:35,0
DA:36,0
LF:12
LH:0
BRF:0
BRH:0
end_of_record
TN:
SF:src\api\profile.js
FN:3,apiUpdateUserProfile
FNF:1
FNH:0
FNDA:0,apiUpdateUserProfile
DA:4,0
DA:5,0
LF:2
LH:0
BRF:0
BRH:0
end_of_record
TN:
SF:src\api\transactionLogs.js
FN:4,apiGetTransactionLogs
FNF:1
FNH:0
FNDA:0,apiGetTransactionLogs
DA:5,0
DA:6,0
DA:7,0
DA:12,0
DA:13,0
LF:5
LH:0
BRDA:4,0,0,0
BRDA:8,1,0,0
BRDA:8,1,1,0
BRDA:9,2,0,0
BRDA:9,2,1,0
BRF:5
BRH:0
end_of_record
TN:
SF:src\components\ResetPasswordModal.jsx
FN:6,ResetPasswordModal
FN:18,(anonymous_1)
FN:26,handleRequest
FN:38,handleReset
FN:62,(anonymous_4)
FN:68,(anonymous_5)
FN:87,(anonymous_6)
FN:97,(anonymous_7)
FN:106,(anonymous_8)
FN:113,(anonymous_9)
FN:122,(anonymous_10)
FNF:11
FNH:0
FNDA:0,ResetPasswordModal
FNDA:0,(anonymous_1)
FNDA:0,handleRequest
FNDA:0,handleReset
FNDA:0,(anonymous_4)
FNDA:0,(anonymous_5)
FNDA:0,(anonymous_6)
FNDA:0,(anonymous_7)
FNDA:0,(anonymous_8)
FNDA:0,(anonymous_9)
FNDA:0,(anonymous_10)
DA:7,0
DA:8,0
DA:9,0
DA:10,0
DA:11,0
DA:12,0
DA:13,0
DA:14,0
DA:15,0
DA:18,0
DA:19,0
DA:20,0
DA:22,0
DA:27,0
DA:28,0
DA:29,0
DA:30,0
DA:31,0
DA:32,0
DA:34,0
DA:39,0
DA:40,0
DA:41,0
DA:43,0
DA:44,0
DA:45,0
DA:46,0
DA:48,0
DA:52,0
DA:62,0
DA:68,0
DA:87,0
DA:97,0
DA:106,0
DA:114,0
DA:122,0
LF:36
LH:0
BRDA:19,0,0,0
BRDA:19,0,1,0
BRDA:31,1,0,0
BRDA:31,1,1,0
BRDA:34,2,0,0
BRDA:34,2,1,0
BRDA:40,3,0,0
BRDA:40,3,1,0
BRDA:41,4,0,0
BRDA:41,4,1,0
BRDA:48,5,0,0
BRDA:48,5,1,0
BRDA:55,6,0,0
BRDA:55,6,1,0
BRDA:80,7,0,0
BRDA:80,7,1,0
BRDA:82,8,0,0
BRDA:82,8,1,0
BRDA:92,9,0,0
BRDA:92,9,1,0
BRDA:111,10,0,0
BRDA:111,10,1,0
BRDA:135,11,0,0
BRDA:135,11,1,0
BRF:24
BRH:0
end_of_record
TN:
SF:src\components\auth\ProtectedRoute.jsx
FN:5,ProtectedRoute
FNF:1
FNH:0
FNDA:0,ProtectedRoute
DA:6,0
DA:7,0
DA:9,0
DA:10,0
DA:17,0
DA:18,0
DA:21,0
LF:7
LH:0
BRDA:9,0,0,0
BRDA:9,0,1,0
BRDA:17,1,0,0
BRDA:17,1,1,0
BRF:4
BRH:0
end_of_record
TN:
SF:src\components\auth\RequestOTP.jsx
FN:5,RequestOTP
FN:10,(anonymous_1)
FN:31,(anonymous_2)
FNF:3
FNH:0
FNDA:0,RequestOTP
FNDA:0,(anonymous_1)
FNDA:0,(anonymous_2)
DA:6,0
DA:7,0
DA:8,0
DA:10,0
DA:11,0
DA:12,0
DA:13,0
DA:15,0
DA:16,0
DA:17,0
DA:19,0
DA:23,0
DA:31,0
LF:13
LH:0
BRDA:19,0,0,0
BRDA:19,0,1,0
BRDA:39,1,0,0
BRDA:39,1,1,0
BRDA:40,2,0,0
BRDA:40,2,1,0
BRF:6
BRH:0
end_of_record
TN:
SF:src\components\auth\ResetPassword.jsx
FN:4,ResetPassword
FN:13,(anonymous_1)
FN:14,(anonymous_2)
FN:31,(anonymous_3)
FN:34,(anonymous_4)
FN:59,(anonymous_5)
FN:68,(anonymous_6)
FN:77,(anonymous_7)
FN:85,(anonymous_8)
FNF:9
FNH:0
FNDA:0,ResetPassword
FNDA:0,(anonymous_1)
FNDA:0,(anonymous_2)
FNDA:0,(anonymous_3)
FNDA:0,(anonymous_4)
FNDA:0,(anonymous_5)
FNDA:0,(anonymous_6)
FNDA:0,(anonymous_7)
FNDA:0,(anonymous_8)
DA:5,0
DA:6,0
DA:7,0
DA:8,0
DA:9,0
DA:10,0
DA:13,0
DA:14,0
DA:15,0
DA:16,0
DA:17,0
DA:19,0
DA:20,0
DA:23,0
DA:25,0
DA:26,0
DA:30,0
DA:31,0
DA:34,0
DA:35,0
DA:36,0
DA:37,0
DA:39,0
DA:40,0
DA:45,0
DA:47,0
DA:51,0
DA:59,0
DA:68,0
DA:77,0
DA:86,0
LF:31
LH:0
BRDA:15,0,0,0
BRDA:15,0,1,0
BRDA:23,1,0,0
BRDA:23,1,1,0
BRDA:47,2,0,0
BRDA:47,2,1,0
BRDA:83,3,0,0
BRDA:83,3,1,0
BRDA:96,4,0,0
BRDA:96,4,1,0
BRDA:97,5,0,0
BRDA:97,5,1,0
BRF:12
BRH:0
end_of_record
TN:
SF:src\components\forms\PasswordStrengthMeter.jsx
FN:4,PasswordStrengthMeter
FN:13,(anonymous_1)
FN:14,(anonymous_2)
FN:46,(anonymous_3)
FN:82,(anonymous_4)
FNF:5
FNH:0
FNDA:0,PasswordStrengthMeter
FNDA:0,(anonymous_1)
FNDA:0,(anonymous_2)
FNDA:0,(anonymous_3)
FNDA:0,(anonymous_4)
DA:5,0
DA:8,0
DA:9,0
DA:12,0
DA:13,0
DA:14,0
DA:18,0
DA:20,0
DA:21,0
DA:22,0
DA:25,0
DA:26,0
DA:27,0
DA:28,0
DA:29,0
DA:31,0
DA:47,0
DA:83,0
LF:18
LH:0
BRDA:4,0,0,0
BRDA:5,1,0,0
BRDA:5,1,1,0
BRDA:13,2,0,0
BRDA:13,2,1,0
BRDA:60,3,0,0
BRDA:60,3,1,0
BRDA:61,4,0,0
BRDA:61,4,1,0
BRDA:63,5,0,0
BRDA:63,5,1,0
BRDA:64,6,0,0
BRDA:64,6,1,0
BRDA:66,7,0,0
BRDA:66,7,1,0
BRDA:67,8,0,0
BRDA:67,8,1,0
BRDA:69,9,0,0
BRDA:69,9,1,0
BRDA:70,10,0,0
BRDA:70,10,1,0
BRDA:72,11,0,0
BRDA:72,11,1,0
BRDA:73,12,0,0
BRDA:73,12,1,0
BRDA:78,13,0,0
BRDA:78,13,1,0
BRF:27
BRH:0
end_of_record
TN:
SF:src\components\layout\DashboardLayout.jsx
FN:4,(anonymous_0)
FNF:1
FNH:1
FNDA:13,(anonymous_0)
DA:4,5
DA:5,13
LF:2
LH:2
BRF:0
BRH:0
end_of_record
TN:
SF:src\components\layout\Header.jsx
FN:6,(anonymous_0)
FNF:1
FNH:1
FNDA:13,(anonymous_0)
DA:6,5
DA:7,13
DA:8,13
DA:9,13
DA:12,13
DA:19,13
DA:21,13
LF:7
LH:7
BRDA:8,0,0,13
BRDA:8,0,1,13
BRDA:19,1,0,13
BRDA:19,1,1,13
BRF:4
BRH:4
end_of_record
TN:
SF:src\components\layout\Sidebar.jsx
FN:5,(anonymous_0)
FN:25,(anonymous_1)
FN:29,(anonymous_2)
FNF:3
FNH:3
FNDA:13,(anonymous_0)
FNDA:65,(anonymous_1)
FNDA:65,(anonymous_2)
DA:5,5
DA:6,13
DA:8,13
DA:16,13
DA:26,65
DA:30,65
LF:6
LH:6
BRDA:31,0,0,0
BRDA:31,0,1,65
BRF:2
BRH:1
end_of_record
TN:
SF:src\components\products\AddProductModal.jsx
FN:5,AddProductModal
FN:17,(anonymous_1)
FN:19,(anonymous_2)
FN:28,(anonymous_3)
FN:41,(anonymous_4)
FN:56,(anonymous_5)
FNF:6
FNH:0
FNDA:0,AddProductModal
FNDA:0,(anonymous_1)
FNDA:0,(anonymous_2)
FNDA:0,(anonymous_3)
FNDA:0,(anonymous_4)
FNDA:0,(anonymous_5)
DA:6,0
DA:17,0
DA:18,0
DA:19,0
DA:28,0
DA:29,0
DA:31,0
DA:32,0
DA:41,0
DA:43,0
DA:47,0
DA:51,0
DA:56,0
DA:58,0
DA:59,0
DA:60,0
DA:61,0
DA:63,0
DA:64,0
DA:65,0
DA:66,0
DA:67,0
DA:69,0
DA:73,0
LF:24
LH:0
BRDA:22,0,0,0
BRDA:22,0,1,0
BRDA:23,1,0,0
BRDA:23,1,1,0
BRDA:29,2,0,0
BRDA:29,2,1,0
BRDA:47,3,0,0
BRDA:47,3,1,0
BRDA:47,3,2,0
BRDA:58,4,0,0
BRDA:58,4,1,0
BRDA:59,5,0,0
BRDA:59,5,1,0
BRDA:60,6,0,0
BRDA:60,6,1,0
BRDA:60,7,0,0
BRDA:60,7,1,0
BRDA:69,8,0,0
BRDA:69,8,1,0
BRDA:176,9,0,0
BRDA:176,9,1,0
BRF:21
BRH:0
end_of_record
TN:
SF:src\components\products\EditProductModal.jsx
FN:5,EditProductModal
FN:17,(anonymous_1)
FN:19,(anonymous_2)
FN:28,(anonymous_3)
FN:41,(anonymous_4)
FN:48,(anonymous_5)
FNF:6
FNH:0
FNDA:0,EditProductModal
FNDA:0,(anonymous_1)
FNDA:0,(anonymous_2)
FNDA:0,(anonymous_3)
FNDA:0,(anonymous_4)
FNDA:0,(anonymous_5)
DA:6,0
DA:17,0
DA:18,0
DA:19,0
DA:28,0
DA:29,0
DA:31,0
DA:32,0
DA:41,0
DA:43,0
DA:44,0
DA:48,0
DA:49,0
DA:52,0
DA:53,0
DA:54,0
DA:55,0
DA:57,0
DA:58,0
DA:59,0
DA:60,0
DA:61,0
DA:63,0
DA:67,0
LF:24
LH:0
BRDA:13,0,0,0
BRDA:13,0,1,0
BRDA:14,1,0,0
BRDA:14,1,1,0
BRDA:22,2,0,0
BRDA:22,2,1,0
BRDA:23,3,0,0
BRDA:23,3,1,0
BRDA:29,4,0,0
BRDA:29,4,1,0
BRDA:52,5,0,0
BRDA:52,5,1,0
BRDA:53,6,0,0
BRDA:53,6,1,0
BRDA:54,7,0,0
BRDA:54,7,1,0
BRDA:54,8,0,0
BRDA:54,8,1,0
BRDA:63,9,0,0
BRDA:63,9,1,0
BRDA:169,10,0,0
BRDA:169,10,1,0
BRF:22
BRH:0
end_of_record
TN:
SF:src\components\products\InvestModal.jsx
FN:5,InvestModal
FN:10,(anonymous_1)
FN:28,(anonymous_2)
FN:57,(anonymous_3)
FNF:4
FNH:0
FNDA:0,InvestModal
FNDA:0,(anonymous_1)
FNDA:0,(anonymous_2)
FNDA:0,(anonymous_3)
DA:6,0
DA:7,0
DA:8,0
DA:10,0
DA:11,0
DA:12,0
DA:13,0
DA:15,0
DA:16,0
DA:18,0
DA:19,0
DA:22,0
DA:23,0
DA:25,0
DA:28,0
DA:31,0
DA:34,0
DA:36,0
DA:37,0
DA:39,0
DA:43,0
DA:57,0
LF:22
LH:0
BRDA:8,0,0,0
BRDA:8,0,1,0
BRDA:12,1,0,0
BRDA:12,1,1,0
BRDA:12,2,0,0
BRDA:12,2,1,0
BRDA:15,3,0,0
BRDA:15,3,1,0
BRDA:18,4,0,0
BRDA:18,4,1,0
BRDA:18,5,0,0
BRDA:18,5,1,0
BRDA:31,6,0,0
BRDA:31,6,1,0
BRDA:37,7,0,0
BRDA:37,7,1,0
BRDA:50,8,0,0
BRDA:50,8,1,0
BRDA:60,9,0,0
BRDA:60,9,1,0
BRDA:74,10,0,0
BRDA:74,10,1,0
BRDA:79,11,0,0
BRDA:79,11,1,0
BRF:24
BRH:0
end_of_record
TN:
SF:src\context\AuthContext.jsx
FN:8,AuthProvider
FN:14,(anonymous_1)
FN:15,(anonymous_2)
FN:56,(anonymous_3)
FN:58,(anonymous_4)
FN:62,(anonymous_5)
FN:77,(anonymous_6)
FN:92,(anonymous_7)
FN:100,(anonymous_8)
FN:117,useAuth
FNF:10
FNH:0
FNDA:0,AuthProvider
FNDA:0,(anonymous_1)
FNDA:0,(anonymous_2)
FNDA:0,(anonymous_3)
FNDA:0,(anonymous_4)
FNDA:0,(anonymous_5)
FNDA:0,(anonymous_6)
FNDA:0,(anonymous_7)
FNDA:0,(anonymous_8)
FNDA:0,useAuth
DA:6,4
DA:9,0
DA:10,0
DA:11,0
DA:14,0
DA:15,0
DA:16,0
DA:17,0
DA:18,0
DA:19,0
DA:21,0
DA:22,0
DA:23,0
DA:25,0
DA:30,0
DA:34,0
DA:35,0
DA:36,0
DA:44,0
DA:48,0
DA:50,0
DA:53,0
DA:56,0
DA:57,0
DA:58,0
DA:62,0
DA:63,0
DA:64,0
DA:65,0
DA:67,0
DA:68,0
DA:73,0
DA:77,0
DA:78,0
DA:79,0
DA:80,0
DA:82,0
DA:83,0
DA:88,0
DA:92,0
DA:93,0
DA:94,0
DA:95,0
DA:96,0
DA:99,0
DA:100,0
DA:114,0
DA:118,0
DA:119,0
DA:120,0
LF:50
LH:1
BRDA:17,0,0,0
BRDA:17,0,1,0
BRDA:17,1,0,0
BRDA:17,1,1,0
BRDA:23,2,0,0
BRDA:23,2,1,0
BRDA:35,3,0,0
BRDA:35,3,1,0
BRDA:39,4,0,0
BRDA:39,4,1,0
BRDA:40,5,0,0
BRDA:40,5,1,0
BRDA:41,6,0,0
BRDA:41,6,1,0
BRDA:92,7,0,0
BRDA:96,8,0,0
BRDA:96,8,1,0
BRDA:119,9,0,0
BRDA:119,9,1,0
BRF:19
BRH:0
end_of_record
TN:
SF:src\pages\Dashboard.jsx
FN:15,(anonymous_0)
FN:20,(anonymous_1)
FN:24,Dashboard
FN:38,(anonymous_3)
FN:43,(anonymous_4)
FN:61,(anonymous_5)
FN:74,(anonymous_6)
FN:78,(anonymous_7)
FN:128,(anonymous_8)
FN:134,(anonymous_9)
FN:163,(anonymous_10)
FN:222,(anonymous_11)
FNF:12
FNH:8
FNDA:3,(anonymous_0)
FNDA:3,(anonymous_1)
FNDA:2,Dashboard
FNDA:1,(anonymous_3)
FNDA:2,(anonymous_4)
FNDA:0,(anonymous_5)
FNDA:1,(anonymous_6)
FNDA:1,(anonymous_7)
FNDA:0,(anonymous_8)
FNDA:0,(anonymous_9)
FNDA:2,(anonymous_10)
FNDA:0,(anonymous_11)
DA:15,1
DA:16,3
DA:20,1
DA:21,3
DA:25,2
DA:26,2
DA:28,2
DA:29,2
DA:30,2
DA:34,2
DA:35,2
DA:36,2
DA:38,2
DA:39,1
DA:40,1
DA:41,1
DA:42,1
DA:43,2
DA:53,1
DA:55,0
DA:57,1
DA:61,2
DA:62,0
DA:63,0
DA:64,0
DA:65,0
DA:66,0
DA:68,0
DA:70,0
DA:74,2
DA:75,1
DA:76,1
DA:78,1
DA:79,1
DA:80,1
DA:81,1
DA:82,1
DA:84,0
DA:86,1
DA:90,1
DA:94,2
DA:95,1
DA:103,1
DA:128,0
DA:134,0
DA:164,2
DA:223,0
LF:47
LH:35
BRDA:15,0,0,0
BRDA:20,1,0,2
BRDA:75,2,0,1
BRDA:75,2,1,0
BRDA:76,3,0,0
BRDA:76,3,1,1
BRDA:81,4,0,0
BRDA:81,4,1,1
BRDA:94,5,0,1
BRDA:94,5,1,1
BRDA:106,6,0,1
BRDA:106,6,1,0
BRDA:120,7,0,1
BRDA:120,7,1,0
BRDA:121,8,0,1
BRDA:121,8,1,0
BRDA:122,9,0,1
BRDA:122,9,1,1
BRDA:128,10,0,0
BRDA:128,10,1,0
BRDA:148,11,0,0
BRDA:148,11,1,1
BRDA:149,12,0,0
BRDA:149,12,1,1
BRDA:170,13,0,1
BRDA:170,13,1,1
BRDA:171,14,0,1
BRDA:171,14,1,0
BRDA:180,15,0,2
BRDA:180,15,1,0
BRDA:229,16,0,0
BRDA:229,16,1,0
BRDA:230,17,0,0
BRDA:230,17,1,0
BRF:34
BRH:17
end_of_record
TN:
SF:src\pages\Landing.jsx
FN:4,Landing
FN:23,(anonymous_1)
FN:29,(anonymous_2)
FNF:3
FNH:0
FNDA:0,Landing
FNDA:0,(anonymous_1)
FNDA:0,(anonymous_2)
DA:5,0
DA:7,0
DA:23,0
DA:29,0
LF:4
LH:0
BRF:0
BRH:0
end_of_record
TN:
SF:src\pages\Login.jsx
FN:19,Login
FN:32,(anonymous_1)
FN:80,(anonymous_2)
FN:97,(anonymous_3)
FN:107,(anonymous_4)
FNF:5
FNH:0
FNDA:0,Login
FNDA:0,(anonymous_1)
FNDA:0,(anonymous_2)
FNDA:0,(anonymous_3)
FNDA:0,(anonymous_4)
DA:11,1
DA:20,0
DA:21,0
DA:22,0
DA:24,0
DA:30,0
DA:32,0
DA:33,0
DA:34,0
DA:35,0
DA:36,0
DA:38,0
DA:42,0
DA:80,0
DA:97,0
DA:107,0
LF:16
LH:1
BRDA:35,0,0,0
BRDA:35,0,1,0
BRDA:38,1,0,0
BRDA:38,1,1,0
BRDA:107,2,0,0
BRDA:107,2,1,0
BRF:6
BRH:0
end_of_record
TN:
SF:src\pages\Logs.jsx
FN:8,Logs
FN:30,(anonymous_1)
FN:47,(anonymous_2)
FN:66,(anonymous_3)
FN:72,(anonymous_4)
FN:107,(anonymous_5)
FN:119,(anonymous_6)
FN:122,(anonymous_7)
FN:135,(anonymous_8)
FN:145,(anonymous_9)
FN:178,(anonymous_10)
FNF:11
FNH:0
FNDA:0,Logs
FNDA:0,(anonymous_1)
FNDA:0,(anonymous_2)
FNDA:0,(anonymous_3)
FNDA:0,(anonymous_4)
FNDA:0,(anonymous_5)
FNDA:0,(anonymous_6)
FNDA:0,(anonymous_7)
FNDA:0,(anonymous_8)
FNDA:0,(anonymous_9)
FNDA:0,(anonymous_10)
DA:9,0
DA:10,0
DA:12,0
DA:13,0
DA:14,0
DA:15,0
DA:16,0
DA:17,0
DA:19,0
DA:30,0
DA:31,0
DA:33,0
DA:35,0
DA:36,0
DA:37,0
DA:38,0
DA:39,0
DA:40,0
DA:41,0
DA:42,0
DA:44,0
DA:47,0
DA:48,0
DA:49,0
DA:50,0
DA:51,0
DA:52,0
DA:54,0
DA:55,0
DA:56,0
DA:58,0
DA:59,0
DA:60,0
DA:62,0
DA:66,0
DA:67,0
DA:71,0
DA:73,0
DA:77,0
DA:78,0
DA:86,0
DA:107,0
DA:119,0
DA:123,0
DA:135,0
DA:146,0
DA:147,0
DA:179,0
LF:48
LH:0
BRDA:10,0,0,0
BRDA:10,0,1,0
BRDA:31,1,0,0
BRDA:31,1,1,0
BRDA:35,2,0,0
BRDA:35,2,1,0
BRDA:37,3,0,0
BRDA:37,3,1,0
BRDA:37,4,0,0
BRDA:37,4,1,0
BRDA:39,5,0,0
BRDA:39,5,1,0
BRDA:39,6,0,0
BRDA:39,6,1,0
BRDA:41,7,0,0
BRDA:41,7,1,0
BRDA:51,8,0,0
BRDA:51,8,1,0
BRDA:51,9,0,0
BRDA:51,9,1,0
BRDA:55,10,0,0
BRDA:55,10,1,0
BRDA:56,11,0,0
BRDA:56,11,1,0
BRDA:73,12,0,0
BRDA:73,12,1,0
BRDA:73,12,2,0
BRDA:73,12,3,0
BRDA:77,13,0,0
BRDA:77,13,1,0
BRDA:89,14,0,0
BRDA:89,14,1,0
BRDA:94,15,0,0
BRDA:94,15,1,0
BRDA:94,16,0,0
BRDA:94,16,1,0
BRDA:129,17,0,0
BRDA:129,17,1,0
BRDA:171,18,0,0
BRDA:171,18,1,0
BRDA:181,19,0,0
BRDA:181,19,1,0
BRDA:183,20,0,0
BRDA:183,20,1,0
BRDA:184,21,0,0
BRDA:184,21,1,0
BRDA:189,22,0,0
BRDA:189,22,1,0
BRDA:189,23,0,0
BRDA:189,23,1,0
BRF:50
BRH:0
end_of_record
TN:
SF:src\pages\Portfolio.jsx
FN:22,Portfolio
FN:30,(anonymous_1)
FN:35,(anonymous_2)
FN:52,(anonymous_3)
FN:56,(anonymous_4)
FN:57,fetchInsights
FN:83,(anonymous_6)
FN:89,(anonymous_7)
FN:90,(anonymous_8)
FN:91,(anonymous_9)
FN:98,(anonymous_10)
FN:125,(anonymous_11)
FN:170,(anonymous_12)
FN:202,(anonymous_13)
FN:204,(anonymous_14)
FNF:15
FNH:0
FNDA:0,Portfolio
FNDA:0,(anonymous_1)
FNDA:0,(anonymous_2)
FNDA:0,(anonymous_3)
FNDA:0,(anonymous_4)
FNDA:0,fetchInsights
FNDA:0,(anonymous_6)
FNDA:0,(anonymous_7)
FNDA:0,(anonymous_8)
FNDA:0,(anonymous_9)
FNDA:0,(anonymous_10)
FNDA:0,(anonymous_11)
FNDA:0,(anonymous_12)
FNDA:0,(anonymous_13)
FNDA:0,(anonymous_14)
DA:23,0
DA:24,0
DA:25,0
DA:26,0
DA:27,0
DA:28,0
DA:30,0
DA:31,0
DA:32,0
DA:33,0
DA:34,0
DA:35,0
DA:46,0
DA:48,0
DA:52,0
DA:53,0
DA:56,0
DA:58,0
DA:59,0
DA:60,0
DA:62,0
DA:65,0
DA:68,0
DA:69,0
DA:77,0
DA:78,0
DA:79,0
DA:83,0
DA:88,0
DA:89,0
DA:90,0
DA:91,0
DA:94,0
DA:98,0
DA:100,0
DA:106,0
DA:126,0
DA:170,0
DA:202,0
DA:205,0
LF:40
LH:0
BRDA:53,0,0,0
BRDA:53,0,1,0
BRDA:60,1,0,0
BRDA:60,1,1,0
BRDA:68,2,0,0
BRDA:68,2,1,0
BRDA:77,3,0,0
BRDA:77,3,1,0
BRDA:84,4,0,0
BRDA:84,4,1,0
BRDA:85,5,0,0
BRDA:85,5,1,0
BRDA:85,6,0,0
BRDA:85,6,1,0
BRDA:98,7,0,0
BRDA:98,7,1,0
BRDA:100,8,0,0
BRDA:100,8,1,0
BRDA:102,9,0,0
BRDA:102,9,1,0
BRDA:131,10,0,0
BRDA:131,10,1,0
BRDA:143,11,0,0
BRDA:143,11,1,0
BRDA:145,12,0,0
BRDA:145,12,1,0
BRF:26
BRH:0
end_of_record
TN:
SF:src\pages\Products.jsx
FN:16,Products
FN:36,(anonymous_1)
FN:45,(anonymous_2)
FN:58,(anonymous_3)
FN:69,(anonymous_4)
FN:74,(anonymous_5)
FN:76,(anonymous_6)
FN:79,(anonymous_7)
FN:80,(anonymous_8)
FN:91,(anonymous_9)
FN:93,(anonymous_10)
FN:120,(anonymous_11)
FN:132,(anonymous_12)
FN:145,(anonymous_13)
FN:158,(anonymous_14)
FN:165,(anonymous_15)
FN:170,(anonymous_16)
FN:186,(anonymous_17)
FN:216,(anonymous_18)
FN:229,(anonymous_19)
FN:259,(anonymous_20)
FN:260,(anonymous_21)
FN:265,(anonymous_22)
FN:275,(anonymous_23)
FN:276,(anonymous_24)
FN:277,(anonymous_25)
FN:277,(anonymous_26)
FNF:27
FNH:12
FNDA:11,Products
FNDA:0,(anonymous_1)
FNDA:4,(anonymous_2)
FNDA:4,(anonymous_3)
FNDA:4,(anonymous_4)
FNDA:11,(anonymous_5)
FNDA:7,(anonymous_6)
FNDA:12,(anonymous_7)
FNDA:12,(anonymous_8)
FNDA:0,(anonymous_9)
FNDA:0,(anonymous_10)
FNDA:0,(anonymous_11)
FNDA:2,(anonymous_12)
FNDA:0,(anonymous_13)
FNDA:0,(anonymous_14)
FNDA:0,(anonymous_15)
FNDA:1,(anonymous_16)
FNDA:7,(anonymous_17)
FNDA:0,(anonymous_18)
FNDA:10,(anonymous_19)
FNDA:0,(anonymous_20)
FNDA:0,(anonymous_21)
FNDA:0,(anonymous_22)
FNDA:0,(anonymous_23)
FNDA:0,(anonymous_24)
FNDA:0,(anonymous_25)
FNDA:0,(anonymous_26)
DA:17,11
DA:18,11
DA:20,11
DA:21,11
DA:22,11
DA:23,11
DA:26,11
DA:27,11
DA:28,11
DA:29,11
DA:32,11
DA:33,11
DA:34,11
DA:36,11
DA:37,0
DA:38,0
DA:39,0
DA:41,0
DA:45,11
DA:46,4
DA:47,4
DA:48,4
DA:49,4
DA:51,0
DA:52,0
DA:54,4
DA:58,11
DA:59,4
DA:60,4
DA:61,4
DA:62,4
DA:64,0
DA:69,11
DA:70,4
DA:71,4
DA:74,11
DA:76,11
DA:78,11
DA:79,12
DA:82,12
DA:84,12
DA:85,12
DA:86,12
DA:87,12
DA:91,11
DA:93,11
DA:94,0
DA:95,0
DA:96,0
DA:97,0
DA:98,0
DA:100,0
DA:104,11
DA:105,4
DA:113,7
DA:120,0
DA:132,2
DA:145,0
DA:158,0
DA:165,0
DA:171,1
DA:172,1
DA:173,1
DA:174,1
DA:187,7
DA:216,0
DA:230,10
DA:259,0
DA:260,0
DA:265,0
DA:275,0
DA:276,0
DA:277,0
LF:73
LH:49
BRDA:49,0,0,4
BRDA:49,0,1,0
BRDA:59,1,0,4
BRDA:59,1,1,0
BRDA:62,2,0,4
BRDA:62,2,1,0
BRDA:82,3,0,12
BRDA:82,3,1,4
BRDA:82,4,0,4
BRDA:82,4,1,0
BRDA:84,5,0,12
BRDA:84,5,1,0
BRDA:84,6,0,0
BRDA:84,6,1,0
BRDA:85,7,0,12
BRDA:85,7,1,0
BRDA:85,8,0,0
BRDA:85,8,1,0
BRDA:86,9,0,12
BRDA:86,9,1,0
BRDA:86,10,0,0
BRDA:86,10,1,0
BRDA:87,11,0,12
BRDA:87,11,1,10
BRDA:87,11,2,10
BRDA:87,11,3,10
BRDA:94,12,0,0
BRDA:94,12,1,0
BRDA:104,13,0,4
BRDA:104,13,1,7
BRDA:117,14,0,7
BRDA:117,14,1,0
BRDA:182,15,0,7
BRDA:182,15,1,7
BRDA:182,15,2,7
BRDA:200,16,0,0
BRDA:200,16,1,7
BRDA:202,17,0,0
BRDA:202,17,1,7
BRDA:211,18,0,7
BRDA:211,18,1,0
BRDA:211,19,0,7
BRDA:211,19,1,0
BRDA:213,20,0,7
BRDA:213,20,1,0
BRDA:228,21,0,7
BRDA:228,21,1,1
BRDA:239,22,0,4
BRDA:239,22,1,6
BRDA:241,23,0,6
BRDA:241,23,1,0
BRDA:250,24,0,10
BRDA:250,24,1,10
BRDA:250,25,0,10
BRDA:250,25,1,10
BRDA:253,26,0,10
BRDA:253,26,1,0
BRDA:253,27,0,10
BRDA:253,27,1,0
BRDA:255,28,0,10
BRDA:255,28,1,0
BRDA:257,29,0,0
BRDA:257,29,1,10
BRDA:275,30,0,7
BRDA:275,30,1,0
BRDA:276,31,0,7
BRDA:276,31,1,0
BRDA:277,32,0,7
BRDA:277,32,1,0
BRF:69
BRH:40
end_of_record
TN:
SF:src\pages\Profile.jsx
FN:8,Profile
FN:19,(anonymous_1)
FN:24,(anonymous_2)
FN:25,(anonymous_3)
FN:41,(anonymous_4)
FN:44,(anonymous_5)
FN:45,(anonymous_6)
FN:51,(anonymous_7)
FN:99,(anonymous_8)
FN:133,(anonymous_9)
FNF:10
FNH:0
FNDA:0,Profile
FNDA:0,(anonymous_1)
FNDA:0,(anonymous_2)
FNDA:0,(anonymous_3)
FNDA:0,(anonymous_4)
FNDA:0,(anonymous_5)
FNDA:0,(anonymous_6)
FNDA:0,(anonymous_7)
FNDA:0,(anonymous_8)
FNDA:0,(anonymous_9)
DA:9,0
DA:10,0
DA:11,0
DA:12,0
DA:13,0
DA:14,0
DA:16,0
DA:19,0
DA:20,0
DA:24,0
DA:25,0
DA:26,0
DA:27,0
DA:28,0
DA:29,0
DA:31,0
DA:33,0
DA:37,0
DA:41,0
DA:42,0
DA:43,0
DA:44,0
DA:45,0
DA:47,0
DA:51,0
DA:52,0
DA:53,0
DA:54,0
DA:55,0
DA:56,0
DA:57,0
DA:59,0
DA:60,0
DA:62,0
DA:66,0
DA:67,0
DA:74,0
DA:99,0
DA:134,0
LF:39
LH:0
BRDA:20,0,0,0
BRDA:20,0,1,0
BRDA:20,1,0,0
BRDA:20,1,1,0
BRDA:29,2,0,0
BRDA:29,2,1,0
BRDA:37,3,0,0
BRDA:37,3,1,0
BRDA:42,4,0,0
BRDA:42,4,1,0
BRDA:42,5,0,0
BRDA:42,5,1,0
BRDA:52,6,0,0
BRDA:52,6,1,0
BRDA:60,7,0,0
BRDA:60,7,1,0
BRDA:66,8,0,0
BRDA:66,8,1,0
BRDA:91,9,0,0
BRDA:91,9,1,0
BRDA:109,10,0,0
BRDA:109,10,1,0
BRDA:114,11,0,0
BRDA:114,11,1,0
BRDA:120,12,0,0
BRDA:120,12,1,0
BRDA:125,13,0,0
BRDA:125,13,1,0
BRDA:127,14,0,0
BRDA:127,14,1,0
BRF:30
BRH:0
end_of_record
TN:
SF:src\pages\ResetPasswordPage.jsx
FN:6,ResetPasswordPage
FN:17,handleReset
FN:25,(anonymous_2)
FN:44,(anonymous_3)
FN:53,(anonymous_4)
FNF:5
FNH:0
FNDA:0,ResetPasswordPage
FNDA:0,handleReset
FNDA:0,(anonymous_2)
FNDA:0,(anonymous_3)
FNDA:0,(anonymous_4)
DA:7,0
DA:8,0
DA:10,0
DA:11,0
DA:13,0
DA:14,0
DA:15,0
DA:18,0
DA:19,0
DA:20,0
DA:22,0
DA:23,0
DA:24,0
DA:25,0
DA:27,0
DA:31,0
DA:44,0
DA:53,0
LF:18
LH:0
BRDA:10,0,0,0
BRDA:10,0,1,0
BRDA:11,1,0,0
BRDA:11,1,1,0
BRDA:19,2,0,0
BRDA:19,2,1,0
BRDA:19,3,0,0
BRDA:19,3,1,0
BRDA:20,4,0,0
BRDA:20,4,1,0
BRDA:27,5,0,0
BRDA:27,5,1,0
BRDA:67,6,0,0
BRDA:67,6,1,0
BRF:14
BRH:0
end_of_record
TN:
SF:src\pages\Signup.jsx
FN:29,Signup
FN:48,(anonymous_1)
FN:49,(anonymous_2)
FN:70,(anonymous_3)
FN:73,(anonymous_4)
FN:172,(anonymous_5)
FNF:6
FNH:0
FNDA:0,Signup
FNDA:0,(anonymous_1)
FNDA:0,(anonymous_2)
FNDA:0,(anonymous_3)
FNDA:0,(anonymous_4)
FNDA:0,(anonymous_5)
DA:11,1
DA:30,0
DA:31,0
DA:32,0
DA:39,0
DA:42,0
DA:43,0
DA:44,0
DA:45,0
DA:48,0
DA:49,0
DA:50,0
DA:51,0
DA:52,0
DA:55,0
DA:56,0
DA:62,0
DA:64,0
DA:65,0
DA:69,0
DA:70,0
DA:73,0
DA:74,0
DA:75,0
DA:82,0
DA:84,0
DA:85,0
DA:86,0
DA:91,0
DA:172,0
LF:30
LH:1
BRDA:50,0,0,0
BRDA:50,0,1,0
BRDA:58,1,0,0
BRDA:58,1,1,0
BRDA:59,2,0,0
BRDA:59,2,1,0
BRDA:60,3,0,0
BRDA:60,3,1,0
BRDA:62,4,0,0
BRDA:62,4,1,0
BRDA:80,5,0,0
BRDA:80,5,1,0
BRDA:84,6,0,0
BRDA:84,6,1,0
BRDA:85,7,0,0
BRDA:85,7,1,0
BRF:16
BRH:0
end_of_record
TN:
SF:src\utils\jwtHelper.js
FN:6,setToken
FN:9,getToken
FN:12,removeToken
FN:15,decodeToken
FN:22,isTokenExpired
FN:32,getAuthHeader
FNF:6
FNH:0
FNDA:0,setToken
FNDA:0,getToken
FNDA:0,removeToken
FNDA:0,decodeToken
FNDA:0,isTokenExpired
FNDA:0,getAuthHeader
DA:4,4
DA:7,0
DA:10,0
DA:13,0
DA:16,0
DA:17,0
DA:19,0
DA:23,0
DA:24,0
DA:25,0
DA:26,0
DA:27,0
DA:29,0
DA:33,0
DA:34,0
LF:15
LH:1
BRDA:25,0,0,0
BRDA:25,0,1,0
BRDA:34,1,0,0
BRDA:34,1,1,0
BRF:4
BRH:0
end_of_record
TN:
SF:src\utils\passwordStrength.js
FN:1,checkPasswordStrength
FNF:1
FNH:0
FNDA:0,checkPasswordStrength
DA:2,0
DA:4,0
DA:5,0
DA:6,0
DA:7,0
DA:8,0
DA:10,0
LF:7
LH:0
BRDA:4,0,0,0
BRDA:4,0,1,0
BRDA:5,1,0,0
BRDA:5,1,1,0
BRDA:6,2,0,0
BRDA:6,2,1,0
BRDA:7,3,0,0
BRDA:7,3,1,0
BRDA:8,4,0,0
BRDA:8,4,1,0
BRF:10
BRH:0
end_of_record
